;  LST file generated by mikroListExporter - v.2.0 
; Date/Time: 07/05/2019 23:58:46
;----------------------------------------------

;Address Opcode 	ASM
0x0000	0xF006EF25  	GOTO        3146
_interrupt:
;p6d.c,23 :: 		void interrupt(){
0x0008	0xF018C000  	MOVFF       R0, 24
0x000C	0xF017C001  	MOVFF       R1, 23
0x0010	0xF016C00C  	MOVFF       R12, 22
0x0014	0xF015C00D  	MOVFF       R13, 21
;p6d.c,24 :: 		if( (INTCON.RBIF)  ){
0x0018	0xA0F2      	BTFSS       INTCON, 0 
0x001A	0xD05D      	BRA         L_interrupt0
;p6d.c,25 :: 		x = PORTB;
0x001C	0xF04BCF81  	MOVFF       PORTB, _x
;p6d.c,26 :: 		INTCON.RBIF = 0;
0x0020	0x90F2      	BCF         INTCON, 0 
;p6d.c,27 :: 		cont++; // El contador vale 1 cuando comienza el pulso y 2 cuando termina
0x0022	0x2A25      	INCF        _cont, 1 
;p6d.c,28 :: 		if(cont == 1){ // Comienza el pulso ? comienza temporización
0x0024	0x5025      	MOVF        _cont, 0 
0x0026	0x0A01      	XORLW       1
0x0028	0xE108      	BNZ         L_interrupt1
;p6d.c,29 :: 		TMR0H = (0 >> 8);
0x002A	0x6AD7      	CLRF        TMR0H 
;p6d.c,30 :: 		TMR0L = 0;
0x002C	0x6AD6      	CLRF        TMR0L 
;p6d.c,31 :: 		Lcd_Out_CP("Calculando...");
0x002E	0x0E26      	MOVLW       ?lstr1_p6d
0x0030	0x6E4E      	MOVWF       FARG_Lcd_Out_CP_text 
0x0032	0x0E00      	MOVLW       hi_addr(?lstr1_p6d)
0x0034	0x6E4F      	MOVWF       FARG_Lcd_Out_CP_text+1 
0x0036	0xDB36      	RCALL       _Lcd_Out_CP
;p6d.c,32 :: 		}else{
0x0038	0xD04E      	BRA         L_interrupt2
L_interrupt1:
;p6d.c,33 :: 		y = TMR0L;
0x003A	0xF04CCFD6  	MOVFF       TMR0L, _y
0x003E	0x0E00      	MOVLW       0
0x0040	0x6E4D      	MOVWF       _y+1 
;p6d.c,34 :: 		y = y + (TMR0H << 8);
0x0042	0xF001CFD7  	MOVFF       TMR0H, R1
0x0046	0x6A00      	CLRF        R0 
0x0048	0x5000      	MOVF        R0, 0 
0x004A	0x244C      	ADDWF       _y, 0 
0x004C	0x6E05      	MOVWF       R5 
0x004E	0x5001      	MOVF        R1, 0 
0x0050	0x204D      	ADDWFC      _y+1, 0 
0x0052	0x6E06      	MOVWF       R6 
0x0054	0xF04CC005  	MOVFF       R5, _y
0x0058	0xF04DC006  	MOVFF       R6, _y+1
;p6d.c,35 :: 		T0CON.B7 = 0; // Si el pulso finaliza se para el timer
0x005C	0x9ED5      	BCF         T0CON, 7 
;p6d.c,36 :: 		tiempo = (y + (desbor*65536)) * 0.000128;
0x005E	0x6A03      	CLRF        R3 
0x0060	0xF002C019  	MOVFF       _desbor, R2
0x0064	0x6A00      	CLRF        R0 
0x0066	0x6A01      	CLRF        R1 
0x0068	0x5005      	MOVF        R5, 0 
0x006A	0x2600      	ADDWF       R0, 1 
0x006C	0x5006      	MOVF        R6, 0 
0x006E	0x2201      	ADDWFC      R1, 1 
0x0070	0x0E00      	MOVLW       0
0x0072	0x2202      	ADDWFC      R2, 1 
0x0074	0x2203      	ADDWFC      R3, 1 
0x0076	0xDB7E      	RCALL       _longint2double
0x0078	0x0EBD      	MOVLW       189
0x007A	0x6E04      	MOVWF       R4 
0x007C	0x0E37      	MOVLW       55
0x007E	0x6E05      	MOVWF       R5 
0x0080	0x0E06      	MOVLW       6
0x0082	0x6E06      	MOVWF       R6 
0x0084	0x0E72      	MOVLW       114
0x0086	0x6E07      	MOVWF       R7 
0x0088	0xDA10      	RCALL       _Mul_32x32_FP
0x008A	0xF046C000  	MOVFF       R0, _tiempo
0x008E	0xF047C001  	MOVFF       R1, _tiempo+1
0x0092	0xF048C002  	MOVFF       R2, _tiempo+2
0x0096	0xF049C003  	MOVFF       R3, _tiempo+3
;p6d.c,40 :: 		FloatToStr (tiempo, txt);
0x009A	0xF04EC000  	MOVFF       R0, FARG_FloatToStr_fnum
0x009E	0xF04FC001  	MOVFF       R1, FARG_FloatToStr_fnum+1
0x00A2	0xF050C002  	MOVFF       R2, FARG_FloatToStr_fnum+2
0x00A6	0xF051C003  	MOVFF       R3, FARG_FloatToStr_fnum+3
0x00AA	0x0E38      	MOVLW       _txt
0x00AC	0x6E52      	MOVWF       FARG_FloatToStr_str 
0x00AE	0x0E00      	MOVLW       hi_addr(_txt)
0x00B0	0x6E53      	MOVWF       FARG_FloatToStr_str+1 
0x00B2	0xDBBE      	RCALL       _FloatToStr
;p6d.c,41 :: 		Lcd_Cmd(_LCD_CLEAR);
0x00B4	0x0E01      	MOVLW       1
0x00B6	0x6E60      	MOVWF       FARG_Lcd_Cmd_out_char 
0x00B8	0xD840      	RCALL       _Lcd_Cmd
;p6d.c,42 :: 		Lcd_out(1,1, txt);
0x00BA	0x0E01      	MOVLW       1
0x00BC	0x6E4E      	MOVWF       FARG_Lcd_Out_row 
0x00BE	0x0E01      	MOVLW       1
0x00C0	0x6E4F      	MOVWF       FARG_Lcd_Out_column 
0x00C2	0x0E38      	MOVLW       _txt
0x00C4	0x6E50      	MOVWF       FARG_Lcd_Out_text 
0x00C6	0x0E00      	MOVLW       hi_addr(_txt)
0x00C8	0x6E51      	MOVWF       FARG_Lcd_Out_text+1 
0x00CA	0xDB75      	RCALL       _Lcd_Out
;p6d.c,43 :: 		Lcd_Out_CP(" sec");
0x00CC	0x0E1A      	MOVLW       ?lstr2_p6d
0x00CE	0x6E4E      	MOVWF       FARG_Lcd_Out_CP_text 
0x00D0	0x0E00      	MOVLW       hi_addr(?lstr2_p6d)
0x00D2	0x6E4F      	MOVWF       FARG_Lcd_Out_CP_text+1 
0x00D4	0xDAE7      	RCALL       _Lcd_Out_CP
;p6d.c,44 :: 		}
L_interrupt2:
;p6d.c,45 :: 		}
L_interrupt0:
;p6d.c,47 :: 		if((INTCON.TMR0IF)){
0x00D6	0xA4F2      	BTFSS       INTCON, 2 
0x00D8	0xD004      	BRA         L_interrupt3
;p6d.c,48 :: 		INTCON.TMR0IF = 0;
0x00DA	0x94F2      	BCF         INTCON, 2 
;p6d.c,49 :: 		desbor++;
0x00DC	0x2A19      	INCF        _desbor, 1 
;p6d.c,50 :: 		TMR0H = (0 >> 8);
0x00DE	0x6AD7      	CLRF        TMR0H 
;p6d.c,51 :: 		TMR0L = 0;
0x00E0	0x6AD6      	CLRF        TMR0L 
;p6d.c,52 :: 		}
L_interrupt3:
;p6d.c,53 :: 		}
L_end_interrupt:
L__interrupt7:
0x00E2	0xF000C018  	MOVFF       24, R0
0x00E6	0xF001C017  	MOVFF       23, R1
0x00EA	0xF00CC016  	MOVFF       22, R12
0x00EE	0xF00DC015  	MOVFF       21, R13
0x00F2	0x0011      	RETFIE      1
; end of _interrupt
_Delay_5500us:
;__Lib_Delays.c,31 :: 		void Delay_5500us() {
;__Lib_Delays.c,32 :: 		Delay_us(5500);
0x00F4	0x0E0F      	MOVLW       15
0x00F6	0x6E0C      	MOVWF       R12, 0
0x00F8	0x0E47      	MOVLW       71
0x00FA	0x6E0D      	MOVWF       R13, 0
L_Delay_5500us5:
0x00FC	0x2E0D      	DECFSZ      R13, 1, 0
0x00FE	0xD7FE      	BRA         L_Delay_5500us5
0x0100	0x2E0C      	DECFSZ      R12, 1, 0
0x0102	0xD7FC      	BRA         L_Delay_5500us5
0x0104	0x0000      	NOP
0x0106	0x0000      	NOP
;__Lib_Delays.c,33 :: 		}
L_end_Delay_5500us:
0x0108	0x0012      	RETURN      0
; end of _Delay_5500us
_Delay_1us:
;__Lib_Delays.c,7 :: 		void Delay_1us() {
;__Lib_Delays.c,8 :: 		Delay_us(1);
0x010A	0x0000      	NOP
0x010C	0x0000      	NOP
;__Lib_Delays.c,9 :: 		}
L_end_Delay_1us:
0x010E	0x0012      	RETURN      0
; end of _Delay_1us
_Delay_50us:
;__Lib_Delays.c,19 :: 		void Delay_50us() {
;__Lib_Delays.c,20 :: 		Delay_us(50);
0x0110	0x0E21      	MOVLW       33
0x0112	0x6E0D      	MOVWF       R13, 0
L_Delay_50us2:
0x0114	0x2E0D      	DECFSZ      R13, 1, 0
0x0116	0xD7FE      	BRA         L_Delay_50us2
;__Lib_Delays.c,21 :: 		}
L_end_Delay_50us:
0x0118	0x0012      	RETURN      0
; end of _Delay_50us
_SETFOV32:
;__Lib_MathDouble.c,82 :: 		
;__Lib_MathDouble.c,90 :: 		
0x011A	0x820B      	BSF         R11, 1, 0
;__Lib_MathDouble.c,91 :: 		
0x011C	0xAE0B      	BTFSS       R11, 7, 0
;__Lib_MathDouble.c,92 :: 		
0x011E	0xF000EF97  	GOTO        SETFOV32EEE
;__Lib_MathDouble.c,94 :: 		
0x0122	0x6803      	SETF        R3, 0
;__Lib_MathDouble.c,95 :: 		
0x0124	0x6802      	SETF        R2, 0
;__Lib_MathDouble.c,96 :: 		
0x0126	0x6801      	SETF        R1, 0
;__Lib_MathDouble.c,97 :: 		
0x0128	0x6800      	SETF        R0, 0
;__Lib_MathDouble.c,98 :: 		
0x012A	0x360A      	RLCF        R10, 1, 0
;__Lib_MathDouble.c,99 :: 		
0x012C	0x3202      	RRCF        R2, 1, 0
;__Lib_MathDouble.c,100 :: 		
SETFOV32EEE:
;__Lib_MathDouble.c,101 :: 		
0x012E	0x0EFF      	MOVLW       255
;__Lib_MathDouble.c,103 :: 		
L_end_SETFOV32:
0x0130	0x0012      	RETURN      0
; end of _SETFOV32
_FIXSIGN32:
;__Lib_MathDouble.c,117 :: 		
;__Lib_MathDouble.c,121 :: 		
0x0132	0xAE0A      	BTFSS       R10, 7, 0
;__Lib_MathDouble.c,122 :: 		
0x0134	0x9E02      	BCF         R2, 7, 0
;__Lib_MathDouble.c,123 :: 		
0x0136	0x0E00      	MOVLW       0
;__Lib_MathDouble.c,125 :: 		
L_end_FIXSIGN32:
0x0138	0x0012      	RETURN      0
; end of _FIXSIGN32
_Lcd_Cmd:
;__Lib_Lcd.c,18 :: 		
;__Lib_Lcd.c,20 :: 		
0x013A	0xBE60      	BTFSC       FARG_Lcd_Cmd_out_char, 7 
0x013C	0xD002      	BRA         L__Lcd_Cmd21
0x013E	0x9E83      	BCF         LCD_D7, BitPos(LCD_D7+0) 
0x0140	0xD001      	BRA         L__Lcd_Cmd22
L__Lcd_Cmd21:
0x0142	0x8E83      	BSF         LCD_D7, BitPos(LCD_D7+0) 
L__Lcd_Cmd22:
;__Lib_Lcd.c,21 :: 		
0x0144	0xBC60      	BTFSC       FARG_Lcd_Cmd_out_char, 6 
0x0146	0xD002      	BRA         L__Lcd_Cmd23
0x0148	0x9C83      	BCF         LCD_D6, BitPos(LCD_D6+0) 
0x014A	0xD001      	BRA         L__Lcd_Cmd24
L__Lcd_Cmd23:
0x014C	0x8C83      	BSF         LCD_D6, BitPos(LCD_D6+0) 
L__Lcd_Cmd24:
;__Lib_Lcd.c,22 :: 		
0x014E	0xBA60      	BTFSC       FARG_Lcd_Cmd_out_char, 5 
0x0150	0xD002      	BRA         L__Lcd_Cmd25
0x0152	0x9A83      	BCF         LCD_D5, BitPos(LCD_D5+0) 
0x0154	0xD001      	BRA         L__Lcd_Cmd26
L__Lcd_Cmd25:
0x0156	0x8A83      	BSF         LCD_D5, BitPos(LCD_D5+0) 
L__Lcd_Cmd26:
;__Lib_Lcd.c,23 :: 		
0x0158	0xB860      	BTFSC       FARG_Lcd_Cmd_out_char, 4 
0x015A	0xD002      	BRA         L__Lcd_Cmd27
0x015C	0x9883      	BCF         LCD_D4, BitPos(LCD_D4+0) 
0x015E	0xD001      	BRA         L__Lcd_Cmd28
L__Lcd_Cmd27:
0x0160	0x8883      	BSF         LCD_D4, BitPos(LCD_D4+0) 
L__Lcd_Cmd28:
;__Lib_Lcd.c,25 :: 		
0x0162	0xB04A      	BTFSC       __Lib_Lcd_cmd_status, BitPos(__Lib_Lcd_cmd_status+0) 
0x0164	0xD002      	BRA         L__Lcd_Cmd29
0x0166	0x8483      	BSF         LCD_RS, BitPos(LCD_RS+0) 
0x0168	0xD001      	BRA         L__Lcd_Cmd30
L__Lcd_Cmd29:
0x016A	0x9483      	BCF         LCD_RS, BitPos(LCD_RS+0) 
L__Lcd_Cmd30:
;__Lib_Lcd.c,28 :: 		
0x016C	0x8683      	BSF         LCD_EN, BitPos(LCD_EN+0) 
;__Lib_Lcd.c,29 :: 		
0x016E	0xDFCD      	RCALL       _Delay_1us
;__Lib_Lcd.c,30 :: 		
0x0170	0x9683      	BCF         LCD_EN, BitPos(LCD_EN+0) 
;__Lib_Lcd.c,33 :: 		
0x0172	0xB660      	BTFSC       FARG_Lcd_Cmd_out_char, 3 
0x0174	0xD002      	BRA         L__Lcd_Cmd31
0x0176	0x9E83      	BCF         LCD_D7, BitPos(LCD_D7+0) 
0x0178	0xD001      	BRA         L__Lcd_Cmd32
L__Lcd_Cmd31:
0x017A	0x8E83      	BSF         LCD_D7, BitPos(LCD_D7+0) 
L__Lcd_Cmd32:
;__Lib_Lcd.c,34 :: 		
0x017C	0xB460      	BTFSC       FARG_Lcd_Cmd_out_char, 2 
0x017E	0xD002      	BRA         L__Lcd_Cmd33
0x0180	0x9C83      	BCF         LCD_D6, BitPos(LCD_D6+0) 
0x0182	0xD001      	BRA         L__Lcd_Cmd34
L__Lcd_Cmd33:
0x0184	0x8C83      	BSF         LCD_D6, BitPos(LCD_D6+0) 
L__Lcd_Cmd34:
;__Lib_Lcd.c,35 :: 		
0x0186	0xB260      	BTFSC       FARG_Lcd_Cmd_out_char, 1 
0x0188	0xD002      	BRA         L__Lcd_Cmd35
0x018A	0x9A83      	BCF         LCD_D5, BitPos(LCD_D5+0) 
0x018C	0xD001      	BRA         L__Lcd_Cmd36
L__Lcd_Cmd35:
0x018E	0x8A83      	BSF         LCD_D5, BitPos(LCD_D5+0) 
L__Lcd_Cmd36:
;__Lib_Lcd.c,36 :: 		
0x0190	0xB060      	BTFSC       FARG_Lcd_Cmd_out_char, 0 
0x0192	0xD002      	BRA         L__Lcd_Cmd37
0x0194	0x9883      	BCF         LCD_D4, BitPos(LCD_D4+0) 
0x0196	0xD001      	BRA         L__Lcd_Cmd38
L__Lcd_Cmd37:
0x0198	0x8883      	BSF         LCD_D4, BitPos(LCD_D4+0) 
L__Lcd_Cmd38:
;__Lib_Lcd.c,38 :: 		
0x019A	0xB04A      	BTFSC       __Lib_Lcd_cmd_status, BitPos(__Lib_Lcd_cmd_status+0) 
0x019C	0xD002      	BRA         L__Lcd_Cmd39
0x019E	0x8483      	BSF         LCD_RS, BitPos(LCD_RS+0) 
0x01A0	0xD001      	BRA         L__Lcd_Cmd40
L__Lcd_Cmd39:
0x01A2	0x9483      	BCF         LCD_RS, BitPos(LCD_RS+0) 
L__Lcd_Cmd40:
;__Lib_Lcd.c,40 :: 		
0x01A4	0x8683      	BSF         LCD_EN, BitPos(LCD_EN+0) 
;__Lib_Lcd.c,41 :: 		
0x01A6	0xDFB1      	RCALL       _Delay_1us
;__Lib_Lcd.c,42 :: 		
0x01A8	0x9683      	BCF         LCD_EN, BitPos(LCD_EN+0) 
;__Lib_Lcd.c,44 :: 		
0x01AA	0xA04A      	BTFSS       __Lib_Lcd_cmd_status, BitPos(__Lib_Lcd_cmd_status+0) 
0x01AC	0xD002      	BRA         L_Lcd_Cmd0
;__Lib_Lcd.c,45 :: 		
0x01AE	0xDFA2      	RCALL       _Delay_5500us
0x01B0	0xD001      	BRA         L_Lcd_Cmd1
L_Lcd_Cmd0:
;__Lib_Lcd.c,47 :: 		
0x01B2	0xDFAE      	RCALL       _Delay_50us
L_Lcd_Cmd1:
;__Lib_Lcd.c,48 :: 		
L_end_Lcd_Cmd:
0x01B4	0x0012      	RETURN      0
; end of _Lcd_Cmd
_SETFUN32:
;__Lib_MathDouble.c,144 :: 		
;__Lib_MathDouble.c,152 :: 		
0x01B6	0x840B      	BSF         R11, 2, 0
;__Lib_MathDouble.c,153 :: 		
0x01B8	0xAE0B      	BTFSS       R11, 7, 0
;__Lib_MathDouble.c,154 :: 		
0x01BA	0xF000EFE6  	GOTO        SETFUN32EEE
;__Lib_MathDouble.c,156 :: 		
0x01BE	0x0E01      	MOVLW       1
;__Lib_MathDouble.c,157 :: 		
0x01C0	0x6E03      	MOVWF       R3, 0
;__Lib_MathDouble.c,158 :: 		
0x01C2	0x6A02      	CLRF        R2, 0
;__Lib_MathDouble.c,159 :: 		
0x01C4	0x6A01      	CLRF        R1, 0
;__Lib_MathDouble.c,160 :: 		
0x01C6	0x6A00      	CLRF        R0, 0
;__Lib_MathDouble.c,161 :: 		
0x01C8	0x360A      	RLCF        R10, 1, 0
;__Lib_MathDouble.c,162 :: 		
0x01CA	0x3202      	RRCF        R2, 1, 0
;__Lib_MathDouble.c,163 :: 		
SETFUN32EEE:
;__Lib_MathDouble.c,164 :: 		
0x01CC	0x0EFF      	MOVLW       255
;__Lib_MathDouble.c,166 :: 		
L_end_SETFUN32:
0x01CE	0x0012      	RETURN      0
; end of _SETFUN32
_RES032:
;__Lib_MathDouble.c,128 :: 		
;__Lib_MathDouble.c,134 :: 		
0x01D0	0x6A02      	CLRF        R2, 0
;__Lib_MathDouble.c,135 :: 		
0x01D2	0x6A01      	CLRF        R1, 0
;__Lib_MathDouble.c,136 :: 		
0x01D4	0x6A00      	CLRF        R0, 0
;__Lib_MathDouble.c,137 :: 		
0x01D6	0x6A08      	CLRF        R8, 0
;__Lib_MathDouble.c,138 :: 		
0x01D8	0x6A03      	CLRF        R3, 0
;__Lib_MathDouble.c,139 :: 		
0x01DA	0x0E00      	MOVLW       0
;__Lib_MathDouble.c,141 :: 		
L_end_RES032:
0x01DC	0x0012      	RETURN      0
; end of _RES032
_NRM4032:
;__Lib_MathDouble.c,174 :: 		
;__Lib_MathDouble.c,183 :: 		
0x01DE	0xB00C      	BTFSC       R12, 0, 0
;__Lib_MathDouble.c,184 :: 		
0x01E0	0xF001EF31  	GOTO        NRMRND4032
;__Lib_MathDouble.c,185 :: 		
0x01E4	0xA20C      	BTFSS       R12, 1, 0
;__Lib_MathDouble.c,186 :: 		
0x01E6	0xF001EFD7  	GOTO        NRM40JPSETFOV32
;__Lib_MathDouble.c,188 :: 		
0x01EA	0x6A0E      	CLRF        R14, 0
;__Lib_MathDouble.c,189 :: 		
0x01EC	0x0E00      	MOVLW       0
;__Lib_MathDouble.c,190 :: 		
0x01EE	0x6402      	CPFSGT      R2, 0
;__Lib_MathDouble.c,191 :: 		
0x01F0	0xF001EF48  	GOTO        NRM4032A
;__Lib_MathDouble.c,194 :: 		
0x01F4	0x0EF0      	MOVLW       240
;__Lib_MathDouble.c,195 :: 		
0x01F6	0x1402      	ANDWF       R2, 0, 0
;__Lib_MathDouble.c,196 :: 		
0x01F8	0xA4D8      	BTFSS       STATUS, 2, 0
;__Lib_MathDouble.c,197 :: 		
0x01FA	0xF001EF13  	GOTO        NORM4032
;__Lib_MathDouble.c,199 :: 		
0x01FE	0x3A02      	SWAPF       R2, 1, 0
;__Lib_MathDouble.c,200 :: 		
0x0200	0x3801      	SWAPF       R1, 0, 0
;__Lib_MathDouble.c,201 :: 		
0x0202	0x0B0F      	ANDLW       15
;__Lib_MathDouble.c,202 :: 		
0x0204	0x2602      	ADDWF       R2, 1, 0
;__Lib_MathDouble.c,204 :: 		
0x0206	0x3801      	SWAPF       R1, 0, 0
;__Lib_MathDouble.c,205 :: 		
0x0208	0x0BF0      	ANDLW       240
;__Lib_MathDouble.c,206 :: 		
0x020A	0x6E01      	MOVWF       R1, 0
;__Lib_MathDouble.c,207 :: 		
0x020C	0x3800      	SWAPF       R0, 0, 0
;__Lib_MathDouble.c,208 :: 		
0x020E	0x0B0F      	ANDLW       15
;__Lib_MathDouble.c,209 :: 		
0x0210	0x2601      	ADDWF       R1, 1, 0
;__Lib_MathDouble.c,211 :: 		
0x0212	0x3800      	SWAPF       R0, 0, 0
;__Lib_MathDouble.c,212 :: 		
0x0214	0x0BF0      	ANDLW       240
;__Lib_MathDouble.c,213 :: 		
0x0216	0x6E00      	MOVWF       R0, 0
;__Lib_MathDouble.c,214 :: 		
0x0218	0x3808      	SWAPF       R8, 0, 0
;__Lib_MathDouble.c,215 :: 		
0x021A	0x0B0F      	ANDLW       15
;__Lib_MathDouble.c,216 :: 		
0x021C	0x2600      	ADDWF       R0, 1, 0
;__Lib_MathDouble.c,218 :: 		
0x021E	0x3808      	SWAPF       R8, 0, 0
;__Lib_MathDouble.c,219 :: 		
0x0220	0x0BF0      	ANDLW       240
;__Lib_MathDouble.c,220 :: 		
0x0222	0x6E08      	MOVWF       R8, 0
;__Lib_MathDouble.c,222 :: 		
0x0224	0x840E      	BSF         R14, 2, 0
;__Lib_MathDouble.c,224 :: 		
NORM4032:
;__Lib_MathDouble.c,225 :: 		
0x0226	0x90D8      	BCF         STATUS, 0, 0
;__Lib_MathDouble.c,227 :: 		
0x0228	0xBE02      	BTFSC       R2, 7, 0
;__Lib_MathDouble.c,228 :: 		
0x022A	0xF001EF2C  	GOTO        TNORMUN4032
;__Lib_MathDouble.c,229 :: 		
0x022E	0x3608      	RLCF        R8, 1, 0
;__Lib_MathDouble.c,230 :: 		
0x0230	0x3600      	RLCF        R0, 1, 0
;__Lib_MathDouble.c,231 :: 		
0x0232	0x3601      	RLCF        R1, 1, 0
;__Lib_MathDouble.c,232 :: 		
0x0234	0x3602      	RLCF        R2, 1, 0
;__Lib_MathDouble.c,233 :: 		
0x0236	0x2A0E      	INCF        R14, 1, 0
;__Lib_MathDouble.c,234 :: 		
0x0238	0xBE02      	BTFSC       R2, 7, 0
;__Lib_MathDouble.c,235 :: 		
0x023A	0xF001EF2C  	GOTO        TNORMUN4032
;__Lib_MathDouble.c,236 :: 		
0x023E	0x3608      	RLCF        R8, 1, 0
;__Lib_MathDouble.c,237 :: 		
0x0240	0x3600      	RLCF        R0, 1, 0
;__Lib_MathDouble.c,238 :: 		
0x0242	0x3601      	RLCF        R1, 1, 0
;__Lib_MathDouble.c,239 :: 		
0x0244	0x3602      	RLCF        R2, 1, 0
;__Lib_MathDouble.c,240 :: 		
0x0246	0x2A0E      	INCF        R14, 1, 0
;__Lib_MathDouble.c,241 :: 		
0x0248	0xBE02      	BTFSC       R2, 7, 0
;__Lib_MathDouble.c,242 :: 		
0x024A	0xF001EF2C  	GOTO        TNORMUN4032
;__Lib_MathDouble.c,243 :: 		
0x024E	0x3608      	RLCF        R8, 1, 0
;__Lib_MathDouble.c,244 :: 		
0x0250	0x3600      	RLCF        R0, 1, 0
;__Lib_MathDouble.c,245 :: 		
0x0252	0x3601      	RLCF        R1, 1, 0
;__Lib_MathDouble.c,246 :: 		
0x0254	0x3602      	RLCF        R2, 1, 0
;__Lib_MathDouble.c,247 :: 		
0x0256	0x2A0E      	INCF        R14, 1, 0
;__Lib_MathDouble.c,249 :: 		
TNORMUN4032:
;__Lib_MathDouble.c,250 :: 		
0x0258	0x500E      	MOVF        R14, 0, 0
;__Lib_MathDouble.c,251 :: 		
0x025A	0x6403      	CPFSGT      R3, 0
;__Lib_MathDouble.c,252 :: 		
0x025C	0xF001EFCD  	GOTO        NRM40JPSETFUN32
;__Lib_MathDouble.c,253 :: 		
0x0260	0x5E03      	SUBWF       R3, 1, 0
;__Lib_MathDouble.c,255 :: 		
NRMRND4032:
;__Lib_MathDouble.c,256 :: 		
0x0262	0xBC0B      	BTFSC       R11, 6, 0
;__Lib_MathDouble.c,257 :: 		
0x0264	0xAE08      	BTFSS       R8, 7, 0
;__Lib_MathDouble.c,258 :: 		
0x0266	0xF001EFD2  	GOTO        NRM40JPFIXSIGN32
;__Lib_MathDouble.c,259 :: 		
0x026A	0x80D8      	BSF         STATUS, 0, 0
;__Lib_MathDouble.c,260 :: 		
0x026C	0x0E80      	MOVLW       128
;__Lib_MathDouble.c,261 :: 		
0x026E	0x6408      	CPFSGT      R8, 0
;__Lib_MathDouble.c,262 :: 		
0x0270	0x3000      	RRCF        R0, 0, 0
;__Lib_MathDouble.c,263 :: 		
0x0272	0x0E00      	MOVLW       0
;__Lib_MathDouble.c,264 :: 		
0x0274	0x2200      	ADDWFC      R0, 1, 0
;__Lib_MathDouble.c,265 :: 		
0x0276	0x2201      	ADDWFC      R1, 1, 0
;__Lib_MathDouble.c,266 :: 		
0x0278	0x2202      	ADDWFC      R2, 1, 0
;__Lib_MathDouble.c,268 :: 		
0x027A	0xA0D8      	BTFSS       STATUS, 0, 0
;__Lib_MathDouble.c,269 :: 		
0x027C	0xF001EFD2  	GOTO        NRM40JPFIXSIGN32
;__Lib_MathDouble.c,270 :: 		
0x0280	0x3202      	RRCF        R2, 1, 0
;__Lib_MathDouble.c,271 :: 		
0x0282	0x3201      	RRCF        R1, 1, 0
;__Lib_MathDouble.c,272 :: 		
0x0284	0x3200      	RRCF        R0, 1, 0
;__Lib_MathDouble.c,273 :: 		
0x0286	0x4A03      	INFSNZ      R3, 1, 0
;__Lib_MathDouble.c,274 :: 		
0x0288	0xF001EFD7  	GOTO        NRM40JPSETFOV32
;__Lib_MathDouble.c,275 :: 		
0x028C	0xF001EFD2  	GOTO        NRM40JPFIXSIGN32
;__Lib_MathDouble.c,277 :: 		
NRM4032A:
;__Lib_MathDouble.c,278 :: 		
0x0290	0xF002C001  	MOVFF       R1, R2
;__Lib_MathDouble.c,279 :: 		
0x0294	0xF001C000  	MOVFF       R0, R1
;__Lib_MathDouble.c,280 :: 		
0x0298	0xF000C008  	MOVFF       R8, R0
;__Lib_MathDouble.c,281 :: 		
0x029C	0x6A08      	CLRF        R8, 0
;__Lib_MathDouble.c,282 :: 		
0x029E	0x0E00      	MOVLW       0
;__Lib_MathDouble.c,283 :: 		
0x02A0	0x860E      	BSF         R14, 3, 0
;__Lib_MathDouble.c,284 :: 		
0x02A2	0x6402      	CPFSGT      R2, 0
;__Lib_MathDouble.c,285 :: 		
0x02A4	0xF001EF7F  	GOTO        NRM4032B
;__Lib_MathDouble.c,288 :: 		
0x02A8	0x0EF0      	MOVLW       240
;__Lib_MathDouble.c,289 :: 		
0x02AA	0x1402      	ANDWF       R2, 0, 0
;__Lib_MathDouble.c,290 :: 		
0x02AC	0xA4D8      	BTFSS       STATUS, 2, 0
;__Lib_MathDouble.c,291 :: 		
0x02AE	0xF001EF67  	GOTO        NORM4032A
;__Lib_MathDouble.c,292 :: 		
0x02B2	0x3A02      	SWAPF       R2, 1, 0
;__Lib_MathDouble.c,293 :: 		
0x02B4	0x3801      	SWAPF       R1, 0, 0
;__Lib_MathDouble.c,294 :: 		
0x02B6	0x0B0F      	ANDLW       15
;__Lib_MathDouble.c,295 :: 		
0x02B8	0x2602      	ADDWF       R2, 1, 0
;__Lib_MathDouble.c,297 :: 		
0x02BA	0x3801      	SWAPF       R1, 0, 0
;__Lib_MathDouble.c,298 :: 		
0x02BC	0x0BF0      	ANDLW       240
;__Lib_MathDouble.c,299 :: 		
0x02BE	0x6E01      	MOVWF       R1, 0
;__Lib_MathDouble.c,300 :: 		
0x02C0	0x3800      	SWAPF       R0, 0, 0
;__Lib_MathDouble.c,301 :: 		
0x02C2	0x0B0F      	ANDLW       15
;__Lib_MathDouble.c,302 :: 		
0x02C4	0x2601      	ADDWF       R1, 1, 0
;__Lib_MathDouble.c,304 :: 		
0x02C6	0x3800      	SWAPF       R0, 0, 0
;__Lib_MathDouble.c,305 :: 		
0x02C8	0x0BF0      	ANDLW       240
;__Lib_MathDouble.c,306 :: 		
0x02CA	0x6E00      	MOVWF       R0, 0
;__Lib_MathDouble.c,308 :: 		
0x02CC	0x840E      	BSF         R14, 2, 0
;__Lib_MathDouble.c,310 :: 		
NORM4032A:
;__Lib_MathDouble.c,311 :: 		
0x02CE	0x90D8      	BCF         STATUS, 0, 0
;__Lib_MathDouble.c,313 :: 		
0x02D0	0xBE02      	BTFSC       R2, 7, 0
;__Lib_MathDouble.c,314 :: 		
0x02D2	0xF001EF2C  	GOTO        TNORMUN4032
;__Lib_MathDouble.c,315 :: 		
0x02D6	0x3600      	RLCF        R0, 1, 0
;__Lib_MathDouble.c,316 :: 		
0x02D8	0x3601      	RLCF        R1, 1, 0
;__Lib_MathDouble.c,317 :: 		
0x02DA	0x3602      	RLCF        R2, 1, 0
;__Lib_MathDouble.c,318 :: 		
0x02DC	0x2A0E      	INCF        R14, 1, 0
;__Lib_MathDouble.c,319 :: 		
0x02DE	0xBE02      	BTFSC       R2, 7, 0
;__Lib_MathDouble.c,320 :: 		
0x02E0	0xF001EF2C  	GOTO        TNORMUN4032
;__Lib_MathDouble.c,321 :: 		
0x02E4	0x3600      	RLCF        R0, 1, 0
;__Lib_MathDouble.c,322 :: 		
0x02E6	0x3601      	RLCF        R1, 1, 0
;__Lib_MathDouble.c,323 :: 		
0x02E8	0x3602      	RLCF        R2, 1, 0
;__Lib_MathDouble.c,324 :: 		
0x02EA	0x2A0E      	INCF        R14, 1, 0
;__Lib_MathDouble.c,325 :: 		
0x02EC	0xBE02      	BTFSC       R2, 7, 0
;__Lib_MathDouble.c,326 :: 		
0x02EE	0xF001EF2C  	GOTO        TNORMUN4032
;__Lib_MathDouble.c,327 :: 		
0x02F2	0x3600      	RLCF        R0, 1, 0
;__Lib_MathDouble.c,328 :: 		
0x02F4	0x3601      	RLCF        R1, 1, 0
;__Lib_MathDouble.c,329 :: 		
0x02F6	0x3602      	RLCF        R2, 1, 0
;__Lib_MathDouble.c,330 :: 		
0x02F8	0x2A0E      	INCF        R14, 1, 0
;__Lib_MathDouble.c,331 :: 		
0x02FA	0xF001EF2C  	GOTO        TNORMUN4032
;__Lib_MathDouble.c,333 :: 		
NRM4032B:
;__Lib_MathDouble.c,334 :: 		
0x02FE	0xF002C001  	MOVFF       R1, R2
;__Lib_MathDouble.c,335 :: 		
0x0302	0xF001C000  	MOVFF       R0, R1
;__Lib_MathDouble.c,336 :: 		
0x0306	0x6A00      	CLRF        R0, 0
;__Lib_MathDouble.c,337 :: 		
0x0308	0x0E00      	MOVLW       0
;__Lib_MathDouble.c,338 :: 		
0x030A	0x960E      	BCF         R14, 3, 0
;__Lib_MathDouble.c,339 :: 		
0x030C	0x880E      	BSF         R14, 4, 0
;__Lib_MathDouble.c,340 :: 		
0x030E	0x6402      	CPFSGT      R2, 0
;__Lib_MathDouble.c,341 :: 		
0x0310	0xF001EFAC  	GOTO        NRM4032C
;__Lib_MathDouble.c,344 :: 		
0x0314	0x0EF0      	MOVLW       240
;__Lib_MathDouble.c,345 :: 		
0x0316	0x1402      	ANDWF       R2, 0, 0
;__Lib_MathDouble.c,346 :: 		
0x0318	0xA4D8      	BTFSS       STATUS, 2, 0
;__Lib_MathDouble.c,347 :: 		
0x031A	0xF001EF97  	GOTO        NORM4032B
;__Lib_MathDouble.c,349 :: 		
0x031E	0x3A02      	SWAPF       R2, 1, 0
;__Lib_MathDouble.c,350 :: 		
0x0320	0x3801      	SWAPF       R1, 0, 0
;__Lib_MathDouble.c,351 :: 		
0x0322	0x0B0F      	ANDLW       15
;__Lib_MathDouble.c,352 :: 		
0x0324	0x2602      	ADDWF       R2, 1, 0
;__Lib_MathDouble.c,354 :: 		
0x0326	0x3801      	SWAPF       R1, 0, 0
;__Lib_MathDouble.c,355 :: 		
0x0328	0x0BF0      	ANDLW       240
;__Lib_MathDouble.c,356 :: 		
0x032A	0x6E01      	MOVWF       R1, 0
;__Lib_MathDouble.c,358 :: 		
0x032C	0x840E      	BSF         R14, 2, 0
;__Lib_MathDouble.c,360 :: 		
NORM4032B:
;__Lib_MathDouble.c,361 :: 		
0x032E	0x90D8      	BCF         STATUS, 0, 0
;__Lib_MathDouble.c,362 :: 		
0x0330	0xBE02      	BTFSC       R2, 7, 0
;__Lib_MathDouble.c,363 :: 		
0x0332	0xF001EF2C  	GOTO        TNORMUN4032
;__Lib_MathDouble.c,364 :: 		
0x0336	0x3601      	RLCF        R1, 1, 0
;__Lib_MathDouble.c,365 :: 		
0x0338	0x3602      	RLCF        R2, 1, 0
;__Lib_MathDouble.c,366 :: 		
0x033A	0x2A0E      	INCF        R14, 1, 0
;__Lib_MathDouble.c,367 :: 		
0x033C	0xBE02      	BTFSC       R2, 7, 0
;__Lib_MathDouble.c,368 :: 		
0x033E	0xF001EF2C  	GOTO        TNORMUN4032
;__Lib_MathDouble.c,369 :: 		
0x0342	0x3601      	RLCF        R1, 1, 0
;__Lib_MathDouble.c,370 :: 		
0x0344	0x3602      	RLCF        R2, 1, 0
;__Lib_MathDouble.c,371 :: 		
0x0346	0x2A0E      	INCF        R14, 1, 0
;__Lib_MathDouble.c,372 :: 		
0x0348	0xBE02      	BTFSC       R2, 7, 0
;__Lib_MathDouble.c,373 :: 		
0x034A	0xF001EF2C  	GOTO        TNORMUN4032
;__Lib_MathDouble.c,374 :: 		
0x034E	0x3601      	RLCF        R1, 1, 0
;__Lib_MathDouble.c,375 :: 		
0x0350	0x3602      	RLCF        R2, 1, 0
;__Lib_MathDouble.c,376 :: 		
0x0352	0x2A0E      	INCF        R14, 1, 0
;__Lib_MathDouble.c,377 :: 		
0x0354	0xF001EF2C  	GOTO        TNORMUN4032
;__Lib_MathDouble.c,379 :: 		
NRM4032C:
;__Lib_MathDouble.c,380 :: 		
0x0358	0xF002C001  	MOVFF       R1, R2
;__Lib_MathDouble.c,381 :: 		
0x035C	0x6A01      	CLRF        R1, 0
;__Lib_MathDouble.c,382 :: 		
0x035E	0x0E00      	MOVLW       0
;__Lib_MathDouble.c,383 :: 		
0x0360	0x860E      	BSF         R14, 3, 0
;__Lib_MathDouble.c,384 :: 		
0x0362	0x6402      	CPFSGT      R2, 0
;__Lib_MathDouble.c,385 :: 		
0x0364	0xF001EFDC  	GOTO        NRM40JPRES032
;__Lib_MathDouble.c,388 :: 		
0x0368	0x0EF0      	MOVLW       240
;__Lib_MathDouble.c,389 :: 		
0x036A	0x1402      	ANDWF       R2, 0, 0
;__Lib_MathDouble.c,390 :: 		
0x036C	0xA4D8      	BTFSS       STATUS, 2, 0
;__Lib_MathDouble.c,391 :: 		
0x036E	0xF001EFBB  	GOTO        NORM4032C
;__Lib_MathDouble.c,392 :: 		
0x0372	0x3A02      	SWAPF       R2, 1, 0
;__Lib_MathDouble.c,394 :: 		
0x0374	0x840E      	BSF         R14, 2, 0
;__Lib_MathDouble.c,396 :: 		
NORM4032C:
;__Lib_MathDouble.c,397 :: 		
0x0376	0x90D8      	BCF         STATUS, 0, 0
;__Lib_MathDouble.c,399 :: 		
0x0378	0xBE02      	BTFSC       R2, 7, 0
;__Lib_MathDouble.c,400 :: 		
0x037A	0xF001EF2C  	GOTO        TNORMUN4032
;__Lib_MathDouble.c,401 :: 		
0x037E	0x3602      	RLCF        R2, 1, 0
;__Lib_MathDouble.c,402 :: 		
0x0380	0x2A0E      	INCF        R14, 1, 0
;__Lib_MathDouble.c,403 :: 		
0x0382	0xBE02      	BTFSC       R2, 7, 0
;__Lib_MathDouble.c,404 :: 		
0x0384	0xF001EF2C  	GOTO        TNORMUN4032
;__Lib_MathDouble.c,405 :: 		
0x0388	0x3602      	RLCF        R2, 1, 0
;__Lib_MathDouble.c,406 :: 		
0x038A	0x2A0E      	INCF        R14, 1, 0
;__Lib_MathDouble.c,407 :: 		
0x038C	0xBE02      	BTFSC       R2, 7, 0
;__Lib_MathDouble.c,408 :: 		
0x038E	0xF001EF2C  	GOTO        TNORMUN4032
;__Lib_MathDouble.c,409 :: 		
0x0392	0x3602      	RLCF        R2, 1, 0
;__Lib_MathDouble.c,410 :: 		
0x0394	0x2A0E      	INCF        R14, 1, 0
;__Lib_MathDouble.c,411 :: 		
0x0396	0xF001EF2C  	GOTO        TNORMUN4032
;__Lib_MathDouble.c,413 :: 		
NRM40JPSETFUN32:
;__Lib_MathDouble.c,414 :: 		
0x039A	0x0E01      	MOVLW       1
;__Lib_MathDouble.c,415 :: 		
0x039C	0x6E0C      	MOVWF       R12, 0
;__Lib_MathDouble.c,417 :: 		
0x039E	0xDF0B      	RCALL       _SETFUN32
;__Lib_MathDouble.c,419 :: 		
0x03A0	0xF001EFDF  	GOTO        NRM40EEE
;__Lib_MathDouble.c,420 :: 		
NRM40JPFIXSIGN32:
;__Lib_MathDouble.c,421 :: 		
0x03A4	0x0E02      	MOVLW       2
;__Lib_MathDouble.c,422 :: 		
0x03A6	0x6E0C      	MOVWF       R12, 0
;__Lib_MathDouble.c,424 :: 		
0x03A8	0xDEC4      	RCALL       _FIXSIGN32
;__Lib_MathDouble.c,426 :: 		
0x03AA	0xF001EFDF  	GOTO        NRM40EEE
;__Lib_MathDouble.c,427 :: 		
NRM40JPSETFOV32:
;__Lib_MathDouble.c,428 :: 		
0x03AE	0x0E04      	MOVLW       4
;__Lib_MathDouble.c,429 :: 		
0x03B0	0x6E0C      	MOVWF       R12, 0
;__Lib_MathDouble.c,431 :: 		
0x03B2	0xDEB3      	RCALL       _SETFOV32
;__Lib_MathDouble.c,433 :: 		
0x03B4	0xF001EFDF  	GOTO        NRM40EEE
;__Lib_MathDouble.c,434 :: 		
NRM40JPRES032:
;__Lib_MathDouble.c,435 :: 		
0x03B8	0x0E08      	MOVLW       8
;__Lib_MathDouble.c,436 :: 		
0x03BA	0x6E0C      	MOVWF       R12, 0
;__Lib_MathDouble.c,438 :: 		
0x03BC	0xDF09      	RCALL       _RES032
;__Lib_MathDouble.c,440 :: 		
NRM40EEE:
;__Lib_MathDouble.c,448 :: 		
L_end_NRM4032:
0x03BE	0x0012      	RETURN      0
; end of _NRM4032
_strcpy:
;__Lib_CString.c,126 :: 		
;__Lib_CString.c,129 :: 		
0x03C0	0xF004C05C  	MOVFF       FARG_strcpy_to, R4
0x03C4	0xF005C05D  	MOVFF       FARG_strcpy_to+1, R5
;__Lib_CString.c,130 :: 		
L_strcpy34:
0x03C8	0xF002C004  	MOVFF       R4, R2
0x03CC	0xF003C005  	MOVFF       R5, R3
0x03D0	0x4A04      	INFSNZ      R4, 1 
0x03D2	0x2A05      	INCF        R5, 1 
0x03D4	0xF000C05E  	MOVFF       FARG_strcpy_from, R0
0x03D8	0xF001C05F  	MOVFF       FARG_strcpy_from+1, R1
0x03DC	0x4A5E      	INFSNZ      FARG_strcpy_from, 1 
0x03DE	0x2A5F      	INCF        FARG_strcpy_from+1, 1 
0x03E0	0xFFE9C000  	MOVFF       R0, FSR0L
0x03E4	0xFFEAC001  	MOVFF       R1, FSR0H
0x03E8	0xFFE1C002  	MOVFF       R2, FSR1L
0x03EC	0xFFE2C003  	MOVFF       R3, FSR1H
0x03F0	0xFFE6CFEE  	MOVFF       POSTINC0, POSTINC1
0x03F4	0xFFE9C002  	MOVFF       R2, FSR0L
0x03F8	0xFFEAC003  	MOVFF       R3, FSR0H
0x03FC	0x52EE      	MOVF        POSTINC0, 1 
0x03FE	0xE001      	BZ          L_strcpy35
;__Lib_CString.c,131 :: 		
0x0400	0xD7E3      	BRA         L_strcpy34
L_strcpy35:
;__Lib_CString.c,132 :: 		
0x0402	0xF000C05C  	MOVFF       FARG_strcpy_to, R0
0x0406	0xF001C05D  	MOVFF       FARG_strcpy_to+1, R1
;__Lib_CString.c,133 :: 		
L_end_strcpy:
0x040A	0x0012      	RETURN      0
; end of _strcpy
_Div_8X8_S:
;__Lib_Math.c,326 :: 		
;__Lib_Math.c,335 :: 		
0x040C	0x6A0D      	CLRF        R13, 0
;__Lib_Math.c,336 :: 		
0x040E	0x6A08      	CLRF        R8, 0
;__Lib_Math.c,337 :: 		
0x0410	0x5000      	MOVF        R0, 0, 0
;__Lib_Math.c,338 :: 		
0x0412	0xB4D8      	BTFSC       STATUS, 2, 0
;__Lib_Math.c,339 :: 		
0x0414	0x0C00      	RETLW       0
;__Lib_Math.c,340 :: 		
0x0416	0x1804      	XORWF       R4, 0, 0
;__Lib_Math.c,341 :: 		
0x0418	0x6E0A      	MOVWF       R10, 0
;__Lib_Math.c,342 :: 		
0x041A	0xBE0A      	BTFSC       R10, 7, 0
;__Lib_Math.c,343 :: 		
0x041C	0x1E0D      	COMF        R13, 1, 0
;__Lib_Math.c,344 :: 		
0x041E	0x6A0B      	CLRF        R11, 0
;__Lib_Math.c,345 :: 		
0x0420	0xAE04      	BTFSS       R4, 7, 0
;__Lib_Math.c,346 :: 		
0x0422	0xD002      	BRA         $+6
;__Lib_Math.c,347 :: 		
0x0424	0x1E04      	COMF        R4, 1, 0
;__Lib_Math.c,348 :: 		
0x0426	0x2A04      	INCF        R4, 1, 0
;__Lib_Math.c,349 :: 		
0x0428	0xAE00      	BTFSS       R0, 7, 0
;__Lib_Math.c,350 :: 		
0x042A	0xD002      	BRA         $+6
;__Lib_Math.c,351 :: 		
0x042C	0x1E00      	COMF        R0, 1, 0
;__Lib_Math.c,352 :: 		
0x042E	0x2A00      	INCF        R0, 1, 0
;__Lib_Math.c,353 :: 		
0x0430	0x5000      	MOVF        R0, 0, 0
;__Lib_Math.c,354 :: 		
0x0432	0x1004      	IORWF       R4, 0, 0
;__Lib_Math.c,355 :: 		
0x0434	0x6E0A      	MOVWF       R10, 0
;__Lib_Math.c,356 :: 		
0x0436	0xBE0A      	BTFSC       R10, 7, 0
;__Lib_Math.c,357 :: 		
0x0438	0xD01F      	BRA         $+64
;__Lib_Math.c,358 :: 		
0x043A	0x5004      	MOVF        R4, 0, 0
;__Lib_Math.c,359 :: 		
0x043C	0x5E08      	SUBWF       R8, 1, 0
;__Lib_Math.c,360 :: 		
0x043E	0x3600      	RLCF        R0, 1, 0
;__Lib_Math.c,361 :: 		
0x0440	0x3400      	RLCF        R0, 0, 0
;__Lib_Math.c,362 :: 		
0x0442	0x3608      	RLCF        R8, 1, 0
;__Lib_Math.c,363 :: 		
0x0444	0x5004      	MOVF        R4, 0, 0
;__Lib_Math.c,364 :: 		
0x0446	0x2608      	ADDWF       R8, 1, 0
;__Lib_Math.c,365 :: 		
0x0448	0x3600      	RLCF        R0, 1, 0
;__Lib_Math.c,366 :: 		
0x044A	0x0E06      	MOVLW       6
;__Lib_Math.c,367 :: 		
0x044C	0x6E0C      	MOVWF       R12, 0
;__Lib_Math.c,368 :: 		
0x044E	0x3400      	RLCF        R0, 0, 0
;__Lib_Math.c,369 :: 		
0x0450	0x3608      	RLCF        R8, 1, 0
;__Lib_Math.c,370 :: 		
0x0452	0x5004      	MOVF        R4, 0, 0
;__Lib_Math.c,371 :: 		
0x0454	0xB000      	BTFSC       R0, 0, 0
;__Lib_Math.c,372 :: 		
0x0456	0x5E08      	SUBWF       R8, 1, 0
;__Lib_Math.c,373 :: 		
0x0458	0xA000      	BTFSS       R0, 0, 0
;__Lib_Math.c,374 :: 		
0x045A	0x2608      	ADDWF       R8, 1, 0
;__Lib_Math.c,375 :: 		
0x045C	0x3600      	RLCF        R0, 1, 0
;__Lib_Math.c,376 :: 		
0x045E	0x2E0C      	DECFSZ      R12, 1, 0
;__Lib_Math.c,377 :: 		
0x0460	0xD7F6      	BRA         $-18
;__Lib_Math.c,378 :: 		
0x0462	0xA000      	BTFSS       R0, 0, 0
;__Lib_Math.c,379 :: 		
0x0464	0x2608      	ADDWF       R8, 1, 0
;__Lib_Math.c,380 :: 		
0x0466	0xB00B      	BTFSC       R11, 0, 0
;__Lib_Math.c,381 :: 		
0x0468	0xD015      	BRA         $+44
;__Lib_Math.c,382 :: 		
0x046A	0xAE0D      	BTFSS       R13, 7, 0
;__Lib_Math.c,383 :: 		
0x046C	0x0C00      	RETLW       0
;__Lib_Math.c,384 :: 		
0x046E	0x1E00      	COMF        R0, 1, 0
;__Lib_Math.c,385 :: 		
0x0470	0x2A00      	INCF        R0, 1, 0
;__Lib_Math.c,386 :: 		
0x0472	0x1E08      	COMF        R8, 1, 0
;__Lib_Math.c,387 :: 		
0x0474	0x2A08      	INCF        R8, 1, 0
;__Lib_Math.c,388 :: 		
0x0476	0x0C00      	RETLW       0
;__Lib_Math.c,389 :: 		
0x0478	0xAE04      	BTFSS       R4, 7, 0
;__Lib_Math.c,390 :: 		
0x047A	0xD009      	BRA         $+20
;__Lib_Math.c,391 :: 		
0x047C	0xBE00      	BTFSC       R0, 7, 0
;__Lib_Math.c,392 :: 		
0x047E	0xD004      	BRA         $+10
;__Lib_Math.c,393 :: 		
0x0480	0x5000      	MOVF        R0, 0, 0
;__Lib_Math.c,394 :: 		
0x0482	0x6E08      	MOVWF       R8, 0
;__Lib_Math.c,395 :: 		
0x0484	0x6A00      	CLRF        R0, 0
;__Lib_Math.c,396 :: 		
0x0486	0xD7F1      	BRA         $-28
;__Lib_Math.c,397 :: 		
0x0488	0x6A00      	CLRF        R0, 0
;__Lib_Math.c,398 :: 		
0x048A	0x2A00      	INCF        R0, 1, 0
;__Lib_Math.c,399 :: 		
0x048C	0x0C00      	RETLW       0
;__Lib_Math.c,400 :: 		
0x048E	0x1E00      	COMF        R0, 1, 0
;__Lib_Math.c,401 :: 		
0x0490	0x2A0B      	INCF        R11, 1, 0
;__Lib_Math.c,402 :: 		
0x0492	0xD7D3      	BRA         $-88
;__Lib_Math.c,403 :: 		
0x0494	0x2A08      	INCF        R8, 1, 0
;__Lib_Math.c,404 :: 		
0x0496	0x5004      	MOVF        R4, 0, 0
;__Lib_Math.c,405 :: 		
0x0498	0x5C08      	SUBWF       R8, 0, 0
;__Lib_Math.c,406 :: 		
0x049A	0xA4D8      	BTFSS       STATUS, 2, 0
;__Lib_Math.c,407 :: 		
0x049C	0xD7E6      	BRA         $-50
;__Lib_Math.c,408 :: 		
0x049E	0x6A08      	CLRF        R8, 0
;__Lib_Math.c,409 :: 		
0x04A0	0x2A00      	INCF        R0, 1, 0
;__Lib_Math.c,410 :: 		
0x04A2	0xAE00      	BTFSS       R0, 7, 0
;__Lib_Math.c,411 :: 		
0x04A4	0xD7E2      	BRA         $-58
;__Lib_Math.c,412 :: 		
0x04A6	0x0CFF      	RETLW       255
;__Lib_Math.c,414 :: 		
L_end_Div_8X8_S:
0x04A8	0x0012      	RETURN      0
; end of _Div_8X8_S
_Mul_32x32_FP:
;__Lib_MathDouble.c,1130 :: 		
;__Lib_MathDouble.c,1148 :: 		
0x04AA	0x6A08      	CLRF        R8, 0
;__Lib_MathDouble.c,1149 :: 		
0x04AC	0x6A09      	CLRF        R9, 0
;__Lib_MathDouble.c,1151 :: 		
0x04AE	0x0E00      	MOVLW       0
;__Lib_MathDouble.c,1152 :: 		
0x04B0	0x6207      	CPFSEQ      R7, 0
;__Lib_MathDouble.c,1153 :: 		
0x04B2	0x6403      	CPFSGT      R3, 0
;__Lib_MathDouble.c,1154 :: 		
0x04B4	0xF002EFDA  	GOTO        MULJPRES032
;__Lib_MathDouble.c,1157 :: 		
0x04B8	0x5002      	MOVF        R2, 0, 0
;__Lib_MathDouble.c,1158 :: 		
0x04BA	0x1806      	XORWF       R6, 0, 0
;__Lib_MathDouble.c,1159 :: 		
0x04BC	0x6E0A      	MOVWF       R10, 0
;__Lib_MathDouble.c,1161 :: 		
0x04BE	0x5007      	MOVF        R7, 0, 0
;__Lib_MathDouble.c,1162 :: 		
0x04C0	0x2603      	ADDWF       R3, 1, 0
;__Lib_MathDouble.c,1163 :: 		
0x04C2	0x0E7E      	MOVLW       126
;__Lib_MathDouble.c,1164 :: 		
0x04C4	0xA0D8      	BTFSS       STATUS, 0, 0
;__Lib_MathDouble.c,1165 :: 		
0x04C6	0xF002EF6B  	GOTO        MTUN32
;__Lib_MathDouble.c,1167 :: 		
0x04CA	0x5E03      	SUBWF       R3, 1, 0
;__Lib_MathDouble.c,1168 :: 		
0x04CC	0xB0D8      	BTFSC       STATUS, 0, 0
;__Lib_MathDouble.c,1169 :: 		
0x04CE	0xF002EFDE  	GOTO        MULJPSETFOV32
;__Lib_MathDouble.c,1170 :: 		
0x04D2	0xF002EF6F  	GOTO        MOK32
;__Lib_MathDouble.c,1172 :: 		
MTUN32:
;__Lib_MathDouble.c,1173 :: 		
0x04D6	0x5E03      	SUBWF       R3, 1, 0
;__Lib_MathDouble.c,1174 :: 		
0x04D8	0xA0D8      	BTFSS       STATUS, 0, 0
;__Lib_MathDouble.c,1175 :: 		
0x04DA	0xF002EFE2  	GOTO        MULJPSETFUN32
;__Lib_MathDouble.c,1177 :: 		
MOK32:
;__Lib_MathDouble.c,1178 :: 		
0x04DE	0x8E02      	BSF         R2, 7, 0
;__Lib_MathDouble.c,1179 :: 		
0x04E0	0x8E06      	BSF         R6, 7, 0
;__Lib_MathDouble.c,1181 :: 		
0x04E2	0xF00EC002  	MOVFF       R2, R14
;__Lib_MathDouble.c,1182 :: 		
0x04E6	0xF00BC001  	MOVFF       R1, R11
;__Lib_MathDouble.c,1183 :: 		
0x04EA	0xF00DC000  	MOVFF       R0, R13
;__Lib_MathDouble.c,1185 :: 		
0x04EE	0x5000      	MOVF        R0, 0, 0
;__Lib_MathDouble.c,1186 :: 		
0x04F0	0x0204      	MULWF       R4, 0
;__Lib_MathDouble.c,1187 :: 		
0x04F2	0xF00CCFF4  	MOVFF       PRODH, R12
;__Lib_MathDouble.c,1189 :: 		
0x04F6	0x5001      	MOVF        R1, 0, 0
;__Lib_MathDouble.c,1190 :: 		
0x04F8	0x0205      	MULWF       R5, 0
;__Lib_MathDouble.c,1191 :: 		
0x04FA	0xF000CFF4  	MOVFF       PRODH, R0
;__Lib_MathDouble.c,1192 :: 		
0x04FE	0xF008CFF3  	MOVFF       PRODL, R8
;__Lib_MathDouble.c,1194 :: 		
0x0502	0x0204      	MULWF       R4, 0
;__Lib_MathDouble.c,1195 :: 		
0x0504	0x50F3      	MOVF        PRODL, 0, 0
;__Lib_MathDouble.c,1196 :: 		
0x0506	0x260C      	ADDWF       R12, 1, 0
;__Lib_MathDouble.c,1197 :: 		
0x0508	0x50F4      	MOVF        PRODH, 0, 0
;__Lib_MathDouble.c,1198 :: 		
0x050A	0x2208      	ADDWFC      R8, 1, 0
;__Lib_MathDouble.c,1199 :: 		
0x050C	0x0E00      	MOVLW       0
;__Lib_MathDouble.c,1200 :: 		
0x050E	0x2200      	ADDWFC      R0, 1, 0
;__Lib_MathDouble.c,1202 :: 		
0x0510	0x500D      	MOVF        R13, 0, 0
;__Lib_MathDouble.c,1203 :: 		
0x0512	0x0205      	MULWF       R5, 0
;__Lib_MathDouble.c,1204 :: 		
0x0514	0x50F3      	MOVF        PRODL, 0, 0
;__Lib_MathDouble.c,1205 :: 		
0x0516	0x260C      	ADDWF       R12, 1, 0
;__Lib_MathDouble.c,1206 :: 		
0x0518	0x50F4      	MOVF        PRODH, 0, 0
;__Lib_MathDouble.c,1207 :: 		
0x051A	0x2208      	ADDWFC      R8, 1, 0
;__Lib_MathDouble.c,1208 :: 		
0x051C	0x0E00      	MOVLW       0
;__Lib_MathDouble.c,1209 :: 		
0x051E	0x2200      	ADDWFC      R0, 1, 0
;__Lib_MathDouble.c,1211 :: 		
0x0520	0x5002      	MOVF        R2, 0, 0
;__Lib_MathDouble.c,1212 :: 		
0x0522	0x0204      	MULWF       R4, 0
;__Lib_MathDouble.c,1213 :: 		
0x0524	0x50F3      	MOVF        PRODL, 0, 0
;__Lib_MathDouble.c,1214 :: 		
0x0526	0x2608      	ADDWF       R8, 1, 0
;__Lib_MathDouble.c,1215 :: 		
0x0528	0x50F4      	MOVF        PRODH, 0, 0
;__Lib_MathDouble.c,1216 :: 		
0x052A	0x2200      	ADDWFC      R0, 1, 0
;__Lib_MathDouble.c,1217 :: 		
0x052C	0x5002      	MOVF        R2, 0, 0
;__Lib_MathDouble.c,1218 :: 		
0x052E	0x0205      	MULWF       R5, 0
;__Lib_MathDouble.c,1219 :: 		
0x0530	0x6A01      	CLRF        R1, 0
;__Lib_MathDouble.c,1220 :: 		
0x0532	0x0E00      	MOVLW       0
;__Lib_MathDouble.c,1221 :: 		
0x0534	0x2201      	ADDWFC      R1, 1, 0
;__Lib_MathDouble.c,1222 :: 		
0x0536	0x50F3      	MOVF        PRODL, 0, 0
;__Lib_MathDouble.c,1223 :: 		
0x0538	0x2600      	ADDWF       R0, 1, 0
;__Lib_MathDouble.c,1224 :: 		
0x053A	0x50F4      	MOVF        PRODH, 0, 0
;__Lib_MathDouble.c,1225 :: 		
0x053C	0x2201      	ADDWFC      R1, 1, 0
;__Lib_MathDouble.c,1227 :: 		
0x053E	0x500D      	MOVF        R13, 0, 0
;__Lib_MathDouble.c,1228 :: 		
0x0540	0x0206      	MULWF       R6, 0
;__Lib_MathDouble.c,1229 :: 		
0x0542	0x50F3      	MOVF        PRODL, 0, 0
;__Lib_MathDouble.c,1230 :: 		
0x0544	0x2608      	ADDWF       R8, 1, 0
;__Lib_MathDouble.c,1231 :: 		
0x0546	0x50F4      	MOVF        PRODH, 0, 0
;__Lib_MathDouble.c,1232 :: 		
0x0548	0x2200      	ADDWFC      R0, 1, 0
;__Lib_MathDouble.c,1233 :: 		
0x054A	0x6A02      	CLRF        R2, 0
;__Lib_MathDouble.c,1234 :: 		
0x054C	0x0E00      	MOVLW       0
;__Lib_MathDouble.c,1235 :: 		
0x054E	0x2201      	ADDWFC      R1, 1, 0
;__Lib_MathDouble.c,1236 :: 		
0x0550	0x2202      	ADDWFC      R2, 1, 0
;__Lib_MathDouble.c,1238 :: 		
0x0552	0x500B      	MOVF        R11, 0, 0
;__Lib_MathDouble.c,1239 :: 		
0x0554	0x0206      	MULWF       R6, 0
;__Lib_MathDouble.c,1240 :: 		
0x0556	0x50F3      	MOVF        PRODL, 0, 0
;__Lib_MathDouble.c,1241 :: 		
0x0558	0x2600      	ADDWF       R0, 1, 0
;__Lib_MathDouble.c,1242 :: 		
0x055A	0x50F4      	MOVF        PRODH, 0, 0
;__Lib_MathDouble.c,1243 :: 		
0x055C	0x2201      	ADDWFC      R1, 1, 0
;__Lib_MathDouble.c,1244 :: 		
0x055E	0x0E00      	MOVLW       0
;__Lib_MathDouble.c,1245 :: 		
0x0560	0x2202      	ADDWFC      R2, 1, 0
;__Lib_MathDouble.c,1247 :: 		
0x0562	0x500E      	MOVF        R14, 0, 0
;__Lib_MathDouble.c,1248 :: 		
0x0564	0x0206      	MULWF       R6, 0
;__Lib_MathDouble.c,1249 :: 		
0x0566	0x50F3      	MOVF        PRODL, 0, 0
;__Lib_MathDouble.c,1250 :: 		
0x0568	0x2601      	ADDWF       R1, 1, 0
;__Lib_MathDouble.c,1251 :: 		
0x056A	0x50F4      	MOVF        PRODH, 0, 0
;__Lib_MathDouble.c,1252 :: 		
0x056C	0x2202      	ADDWFC      R2, 1, 0
;__Lib_MathDouble.c,1254 :: 		
0x056E	0xBE02      	BTFSC       R2, 7, 0
;__Lib_MathDouble.c,1255 :: 		
0x0570	0xF002EFC2  	GOTO        MROUND32
;__Lib_MathDouble.c,1256 :: 		
0x0574	0x3608      	RLCF        R8, 1, 0
;__Lib_MathDouble.c,1257 :: 		
0x0576	0x3600      	RLCF        R0, 1, 0
;__Lib_MathDouble.c,1258 :: 		
0x0578	0x3601      	RLCF        R1, 1, 0
;__Lib_MathDouble.c,1259 :: 		
0x057A	0x3602      	RLCF        R2, 1, 0
;__Lib_MathDouble.c,1260 :: 		
0x057C	0x0603      	DECF        R3, 1, 0
;__Lib_MathDouble.c,1261 :: 		
0x057E	0xB4D8      	BTFSC       STATUS, 2, 0
;__Lib_MathDouble.c,1262 :: 		
0x0580	0xF002EFE2  	GOTO        MULJPSETFUN32
;__Lib_MathDouble.c,1264 :: 		
MROUND32:
;__Lib_MathDouble.c,1267 :: 		
0x0584	0xF002EFD5  	GOTO        MUL32OK
;__Lib_MathDouble.c,1268 :: 		
0x0588	0x80D8      	BSF         STATUS, 0, 0
;__Lib_MathDouble.c,1269 :: 		
0x058A	0x0E80      	MOVLW       128
;__Lib_MathDouble.c,1270 :: 		
0x058C	0x6408      	CPFSGT      R8, 0
;__Lib_MathDouble.c,1271 :: 		
0x058E	0x3000      	RRCF        R0, 0, 0
;__Lib_MathDouble.c,1272 :: 		
0x0590	0x0E00      	MOVLW       0
;__Lib_MathDouble.c,1273 :: 		
0x0592	0x2200      	ADDWFC      R0, 1, 0
;__Lib_MathDouble.c,1274 :: 		
0x0594	0x2201      	ADDWFC      R1, 1, 0
;__Lib_MathDouble.c,1275 :: 		
0x0596	0x2202      	ADDWFC      R2, 1, 0
;__Lib_MathDouble.c,1277 :: 		
0x0598	0xA0D8      	BTFSS       STATUS, 0, 0
;__Lib_MathDouble.c,1278 :: 		
0x059A	0xF002EFD5  	GOTO        MUL32OK
;__Lib_MathDouble.c,1279 :: 		
0x059E	0x3202      	RRCF        R2, 1, 0
;__Lib_MathDouble.c,1280 :: 		
0x05A0	0x3201      	RRCF        R1, 1, 0
;__Lib_MathDouble.c,1281 :: 		
0x05A2	0x3200      	RRCF        R0, 1, 0
;__Lib_MathDouble.c,1282 :: 		
0x05A4	0x4A03      	INFSNZ      R3, 1, 0
;__Lib_MathDouble.c,1283 :: 		
0x05A6	0xF002EFDE  	GOTO        MULJPSETFOV32
;__Lib_MathDouble.c,1285 :: 		
MUL32OK:
;__Lib_MathDouble.c,1286 :: 		
0x05AA	0xAE0A      	BTFSS       R10, 7, 0
;__Lib_MathDouble.c,1287 :: 		
0x05AC	0x9E02      	BCF         R2, 7, 0
;__Lib_MathDouble.c,1289 :: 		
0x05AE	0x0E00      	MOVLW       0
;__Lib_MathDouble.c,1290 :: 		
0x05B0	0xF002EFE4  	GOTO        MULEEE
;__Lib_MathDouble.c,1291 :: 		
MULJPRES032:
;__Lib_MathDouble.c,1292 :: 		
0x05B4	0x0E01      	MOVLW       1
;__Lib_MathDouble.c,1295 :: 		
0x05B6	0xDE0C      	RCALL       _RES032
;__Lib_MathDouble.c,1297 :: 		
0x05B8	0xF002EFE4  	GOTO        MULEEE
;__Lib_MathDouble.c,1298 :: 		
MULJPSETFOV32:
;__Lib_MathDouble.c,1299 :: 		
0x05BC	0x0E02      	MOVLW       2
;__Lib_MathDouble.c,1302 :: 		
0x05BE	0xDDAD      	RCALL       _SETFOV32
;__Lib_MathDouble.c,1304 :: 		
0x05C0	0xF002EFE4  	GOTO        MULEEE
;__Lib_MathDouble.c,1305 :: 		
MULJPSETFUN32:
;__Lib_MathDouble.c,1306 :: 		
0x05C4	0x0E04      	MOVLW       4
;__Lib_MathDouble.c,1309 :: 		
0x05C6	0xDDF7      	RCALL       _SETFUN32
;__Lib_MathDouble.c,1311 :: 		
MULEEE:
;__Lib_MathDouble.c,1318 :: 		
L_end_Mul_32x32_FP:
0x05C8	0x0012      	RETURN      0
; end of _Mul_32x32_FP
_Lcd_Chr_CP:
;__Lib_Lcd.c,50 :: 		
;__Lib_Lcd.c,52 :: 		
0x05CA	0x904A      	BCF         __Lib_Lcd_cmd_status, BitPos(__Lib_Lcd_cmd_status+0) 
;__Lib_Lcd.c,53 :: 		
0x05CC	0xF060C05C  	MOVFF       FARG_Lcd_Chr_CP_out_char, FARG_Lcd_Cmd_out_char
0x05D0	0xDDB4      	RCALL       _Lcd_Cmd
;__Lib_Lcd.c,54 :: 		
0x05D2	0x804A      	BSF         __Lib_Lcd_cmd_status, BitPos(__Lib_Lcd_cmd_status+0) 
;__Lib_Lcd.c,55 :: 		
L_end_Lcd_Chr_CP:
0x05D4	0x0012      	RETURN      0
; end of _Lcd_Chr_CP
_Compare_Double:
;__Lib_MathDouble.c,2518 :: 		
;__Lib_MathDouble.c,2529 :: 		
0x05D6	0x6A0A      	CLRF        R10, 0
;__Lib_MathDouble.c,2530 :: 		
0x05D8	0x5003      	MOVF        R3, 0, 0
;__Lib_MathDouble.c,2531 :: 		
0x05DA	0xA4D8      	BTFSS       STATUS, 2, 0
;__Lib_MathDouble.c,2532 :: 		
0x05DC	0x800A      	BSF         R10, 0, 0
;__Lib_MathDouble.c,2533 :: 		
0x05DE	0x5007      	MOVF        R7, 0, 0
;__Lib_MathDouble.c,2534 :: 		
0x05E0	0xA4D8      	BTFSS       STATUS, 2, 0
;__Lib_MathDouble.c,2535 :: 		
0x05E2	0x820A      	BSF         R10, 1, 0
;__Lib_MathDouble.c,2537 :: 		
0x05E4	0x500A      	MOVF        R10, 0, 0
;__Lib_MathDouble.c,2538 :: 		
0x05E6	0xB4D8      	BTFSC       STATUS, 2, 0
;__Lib_MathDouble.c,2539 :: 		
0x05E8	0xF003EF4E  	GOTO        COMPARE_EQU
;__Lib_MathDouble.c,2540 :: 		
0x05EC	0x0A03      	XORLW       3
;__Lib_MathDouble.c,2541 :: 		
0x05EE	0xB4D8      	BTFSC       STATUS, 2, 0
;__Lib_MathDouble.c,2542 :: 		
0x05F0	0xF003EF07  	GOTO        COMPARE_NOTZERO
;__Lib_MathDouble.c,2544 :: 		
0x05F4	0xB00A      	BTFSC       R10, 0, 0
;__Lib_MathDouble.c,2545 :: 		
0x05F6	0xF003EF02  	GOTO        COMPARE_XNOTZERO
;__Lib_MathDouble.c,2547 :: 		
0x05FA	0xAE06      	BTFSS       R6, 7, 0
;__Lib_MathDouble.c,2548 :: 		
0x05FC	0xF003EF4C  	GOTO        COMPARE_LT
;__Lib_MathDouble.c,2549 :: 		
0x0600	0xF003EF4A  	GOTO        COMPARE_GT
;__Lib_MathDouble.c,2550 :: 		
COMPARE_XNOTZERO:
;__Lib_MathDouble.c,2551 :: 		
0x0604	0xAE02      	BTFSS       R2, 7, 0
;__Lib_MathDouble.c,2552 :: 		
0x0606	0xF003EF4A  	GOTO        COMPARE_GT
;__Lib_MathDouble.c,2553 :: 		
0x060A	0xF003EF4C  	GOTO        COMPARE_LT
;__Lib_MathDouble.c,2555 :: 		
COMPARE_NOTZERO:
;__Lib_MathDouble.c,2556 :: 		
0x060E	0x5002      	MOVF        R2, 0, 0
;__Lib_MathDouble.c,2557 :: 		
0x0610	0x0B80      	ANDLW       128
;__Lib_MathDouble.c,2558 :: 		
0x0612	0x6E0A      	MOVWF       R10, 0
;__Lib_MathDouble.c,2559 :: 		
0x0614	0x9E02      	BCF         R2, 7, 0
;__Lib_MathDouble.c,2561 :: 		
0x0616	0x5006      	MOVF        R6, 0, 0
;__Lib_MathDouble.c,2562 :: 		
0x0618	0x0B80      	ANDLW       128
;__Lib_MathDouble.c,2563 :: 		
0x061A	0x9E06      	BCF         R6, 7, 0
;__Lib_MathDouble.c,2565 :: 		
0x061C	0x180A      	XORWF       R10, 0, 0
;__Lib_MathDouble.c,2566 :: 		
0x061E	0xB4D8      	BTFSC       STATUS, 2, 0
;__Lib_MathDouble.c,2567 :: 		
0x0620	0xF003EF18  	GOTO        COMPARE_TESTALL
;__Lib_MathDouble.c,2569 :: 		
0x0624	0x500A      	MOVF        R10, 0, 0
;__Lib_MathDouble.c,2570 :: 		
0x0626	0xB4D8      	BTFSC       STATUS, 2, 0
;__Lib_MathDouble.c,2571 :: 		
0x0628	0xF003EF4A  	GOTO        COMPARE_GT
;__Lib_MathDouble.c,2572 :: 		
0x062C	0xF003EF4C  	GOTO        COMPARE_LT
;__Lib_MathDouble.c,2574 :: 		
COMPARE_TESTALL:
;__Lib_MathDouble.c,2575 :: 		
0x0630	0x5007      	MOVF        R7, 0, 0
;__Lib_MathDouble.c,2576 :: 		
0x0632	0x5C03      	SUBWF       R3, 0, 0
;__Lib_MathDouble.c,2577 :: 		
0x0634	0xB4D8      	BTFSC       STATUS, 2, 0
;__Lib_MathDouble.c,2578 :: 		
0x0636	0xF003EF22  	GOTO        COMPARE_C1
;__Lib_MathDouble.c,2579 :: 		
0x063A	0xA0D8      	BTFSS       STATUS, 0, 0
;__Lib_MathDouble.c,2580 :: 		
0x063C	0xF003EF3E  	GOTO        GT_FALSE
;__Lib_MathDouble.c,2581 :: 		
0x0640	0xF003EF44  	GOTO        GT_TRUE
;__Lib_MathDouble.c,2582 :: 		
COMPARE_C1:
;__Lib_MathDouble.c,2583 :: 		
0x0644	0x5006      	MOVF        R6, 0, 0
;__Lib_MathDouble.c,2584 :: 		
0x0646	0x5C02      	SUBWF       R2, 0, 0
;__Lib_MathDouble.c,2585 :: 		
0x0648	0xB4D8      	BTFSC       STATUS, 2, 0
;__Lib_MathDouble.c,2586 :: 		
0x064A	0xF003EF2C  	GOTO        COMPARE_C2
;__Lib_MathDouble.c,2587 :: 		
0x064E	0xA0D8      	BTFSS       STATUS, 0, 0
;__Lib_MathDouble.c,2588 :: 		
0x0650	0xF003EF3E  	GOTO        GT_FALSE
;__Lib_MathDouble.c,2589 :: 		
0x0654	0xF003EF44  	GOTO        GT_TRUE
;__Lib_MathDouble.c,2590 :: 		
COMPARE_C2:
;__Lib_MathDouble.c,2591 :: 		
0x0658	0x5005      	MOVF        R5, 0, 0
;__Lib_MathDouble.c,2592 :: 		
0x065A	0x5C01      	SUBWF       R1, 0, 0
;__Lib_MathDouble.c,2593 :: 		
0x065C	0xB4D8      	BTFSC       STATUS, 2, 0
;__Lib_MathDouble.c,2594 :: 		
0x065E	0xF003EF36  	GOTO        COMPARE_C3
;__Lib_MathDouble.c,2595 :: 		
0x0662	0xA0D8      	BTFSS       STATUS, 0, 0
;__Lib_MathDouble.c,2596 :: 		
0x0664	0xF003EF3E  	GOTO        GT_FALSE
;__Lib_MathDouble.c,2597 :: 		
0x0668	0xF003EF44  	GOTO        GT_TRUE
;__Lib_MathDouble.c,2598 :: 		
COMPARE_C3:
;__Lib_MathDouble.c,2599 :: 		
0x066C	0x5004      	MOVF        R4, 0, 0
;__Lib_MathDouble.c,2600 :: 		
0x066E	0x5C00      	SUBWF       R0, 0, 0
;__Lib_MathDouble.c,2601 :: 		
0x0670	0xB4D8      	BTFSC       STATUS, 2, 0
;__Lib_MathDouble.c,2602 :: 		
0x0672	0xF003EF4E  	GOTO        COMPARE_EQU
;__Lib_MathDouble.c,2603 :: 		
0x0676	0xB0D8      	BTFSC       STATUS, 0, 0
;__Lib_MathDouble.c,2604 :: 		
0x0678	0xF003EF44  	GOTO        GT_TRUE
;__Lib_MathDouble.c,2606 :: 		
GT_FALSE:
;__Lib_MathDouble.c,2607 :: 		
0x067C	0x520A      	MOVF        R10, 1, 0
;__Lib_MathDouble.c,2608 :: 		
0x067E	0xB4D8      	BTFSC       STATUS, 2, 0
;__Lib_MathDouble.c,2609 :: 		
0x0680	0xF003EF4C  	GOTO        COMPARE_LT
;__Lib_MathDouble.c,2610 :: 		
0x0684	0xF003EF4A  	GOTO        COMPARE_GT
;__Lib_MathDouble.c,2611 :: 		
GT_TRUE:
;__Lib_MathDouble.c,2612 :: 		
0x0688	0x520A      	MOVF        R10, 1, 0
;__Lib_MathDouble.c,2613 :: 		
0x068A	0xB4D8      	BTFSC       STATUS, 2, 0
;__Lib_MathDouble.c,2614 :: 		
0x068C	0xF003EF4A  	GOTO        COMPARE_GT
;__Lib_MathDouble.c,2615 :: 		
0x0690	0xF003EF4C  	GOTO        COMPARE_LT
;__Lib_MathDouble.c,2617 :: 		
COMPARE_GT:
;__Lib_MathDouble.c,2620 :: 		
0x0694	0x80D8      	BSF         STATUS, 0, 0
;__Lib_MathDouble.c,2621 :: 		
0x0696	0x0012      	RETURN      0
;__Lib_MathDouble.c,2622 :: 		
COMPARE_LT:
;__Lib_MathDouble.c,2625 :: 		
0x0698	0x90D8      	BCF         STATUS, 0, 0
;__Lib_MathDouble.c,2626 :: 		
0x069A	0x0012      	RETURN      0
;__Lib_MathDouble.c,2627 :: 		
COMPARE_EQU:
;__Lib_MathDouble.c,2630 :: 		
0x069C	0x80D8      	BSF         STATUS, 0, 0
;__Lib_MathDouble.c,2631 :: 		
0x069E	0x84D8      	BSF         STATUS, 2, 0
;__Lib_MathDouble.c,2632 :: 		
0x06A0	0x0012      	RETURN      0
;__Lib_MathDouble.c,2634 :: 		
L_end_Compare_Double:
0x06A2	0x0012      	RETURN      0
; end of _Compare_Double
_Lcd_Out_CP:
;__Lib_Lcd.c,57 :: 		
;__Lib_Lcd.c,59 :: 		
0x06A4	0x6A50      	CLRF        Lcd_Out_CP_i_L0 
;__Lib_Lcd.c,60 :: 		
L_Lcd_Out_CP2:
0x06A6	0x5050      	MOVF        Lcd_Out_CP_i_L0, 0 
0x06A8	0x244E      	ADDWF       FARG_Lcd_Out_CP_text, 0 
0x06AA	0x6EE9      	MOVWF       FSR0L 
0x06AC	0x0E00      	MOVLW       0
0x06AE	0x204F      	ADDWFC      FARG_Lcd_Out_CP_text+1, 0 
0x06B0	0x6EEA      	MOVWF       FSR0H 
0x06B2	0x52EE      	MOVF        POSTINC0, 1 
0x06B4	0xE00B      	BZ          L_Lcd_Out_CP3
;__Lib_Lcd.c,61 :: 		
0x06B6	0x5050      	MOVF        Lcd_Out_CP_i_L0, 0 
0x06B8	0x244E      	ADDWF       FARG_Lcd_Out_CP_text, 0 
0x06BA	0x6EE9      	MOVWF       FSR0L 
0x06BC	0x0E00      	MOVLW       0
0x06BE	0x204F      	ADDWFC      FARG_Lcd_Out_CP_text+1, 0 
0x06C0	0x6EEA      	MOVWF       FSR0H 
0x06C2	0xF05CCFEE  	MOVFF       POSTINC0, FARG_Lcd_Chr_CP_out_char
0x06C6	0xDF81      	RCALL       _Lcd_Chr_CP
0x06C8	0x2A50      	INCF        Lcd_Out_CP_i_L0, 1 
;__Lib_Lcd.c,62 :: 		
0x06CA	0xD7ED      	BRA         L_Lcd_Out_CP2
L_Lcd_Out_CP3:
;__Lib_Lcd.c,63 :: 		
L_end_Lcd_Out_CP:
0x06CC	0x0012      	RETURN      0
; end of _Lcd_Out_CP
_Lcd_Init:
;__Lib_Lcd.c,84 :: 		
;__Lib_Lcd.c,86 :: 		
0x06CE	0x9695      	BCF         LCD_EN_Direction, BitPos(LCD_EN_Direction+0) 
;__Lib_Lcd.c,87 :: 		
0x06D0	0x9495      	BCF         LCD_RS_Direction, BitPos(LCD_RS_Direction+0) 
;__Lib_Lcd.c,88 :: 		
0x06D2	0x9895      	BCF         LCD_D4_Direction, BitPos(LCD_D4_Direction+0) 
;__Lib_Lcd.c,89 :: 		
0x06D4	0x9A95      	BCF         LCD_D5_Direction, BitPos(LCD_D5_Direction+0) 
;__Lib_Lcd.c,90 :: 		
0x06D6	0x9C95      	BCF         LCD_D6_Direction, BitPos(LCD_D6_Direction+0) 
;__Lib_Lcd.c,91 :: 		
0x06D8	0x9E95      	BCF         LCD_D7_Direction, BitPos(LCD_D7_Direction+0) 
;__Lib_Lcd.c,93 :: 		
0x06DA	0x9683      	BCF         LCD_EN, BitPos(LCD_EN+0) 
;__Lib_Lcd.c,94 :: 		
0x06DC	0x9483      	BCF         LCD_RS, BitPos(LCD_RS+0) 
;__Lib_Lcd.c,95 :: 		
0x06DE	0x9E83      	BCF         LCD_D7, BitPos(LCD_D7+0) 
;__Lib_Lcd.c,96 :: 		
0x06E0	0x9C83      	BCF         LCD_D6, BitPos(LCD_D6+0) 
;__Lib_Lcd.c,97 :: 		
0x06E2	0x9A83      	BCF         LCD_D5, BitPos(LCD_D5+0) 
;__Lib_Lcd.c,98 :: 		
0x06E4	0x9883      	BCF         LCD_D4, BitPos(LCD_D4+0) 
;__Lib_Lcd.c,100 :: 		
0x06E6	0xDD06      	RCALL       _Delay_5500us
;__Lib_Lcd.c,101 :: 		
0x06E8	0xDD05      	RCALL       _Delay_5500us
;__Lib_Lcd.c,102 :: 		
0x06EA	0xDD04      	RCALL       _Delay_5500us
;__Lib_Lcd.c,105 :: 		
0x06EC	0x8A83      	BSF         LCD_D5, BitPos(LCD_D5+0) 
;__Lib_Lcd.c,106 :: 		
0x06EE	0x8883      	BSF         LCD_D4, BitPos(LCD_D4+0) 
;__Lib_Lcd.c,107 :: 		
0x06F0	0x8683      	BSF         LCD_EN, BitPos(LCD_EN+0) 
;__Lib_Lcd.c,108 :: 		
0x06F2	0xDD0B      	RCALL       _Delay_1us
;__Lib_Lcd.c,109 :: 		
0x06F4	0x9683      	BCF         LCD_EN, BitPos(LCD_EN+0) 
;__Lib_Lcd.c,110 :: 		
0x06F6	0xDCFE      	RCALL       _Delay_5500us
;__Lib_Lcd.c,112 :: 		
0x06F8	0x8683      	BSF         LCD_EN, BitPos(LCD_EN+0) 
;__Lib_Lcd.c,113 :: 		
0x06FA	0xDD07      	RCALL       _Delay_1us
;__Lib_Lcd.c,114 :: 		
0x06FC	0x9683      	BCF         LCD_EN, BitPos(LCD_EN+0) 
;__Lib_Lcd.c,115 :: 		
0x06FE	0xDCFA      	RCALL       _Delay_5500us
;__Lib_Lcd.c,117 :: 		
0x0700	0x8683      	BSF         LCD_EN, BitPos(LCD_EN+0) 
;__Lib_Lcd.c,118 :: 		
0x0702	0xDD03      	RCALL       _Delay_1us
;__Lib_Lcd.c,119 :: 		
0x0704	0x9683      	BCF         LCD_EN, BitPos(LCD_EN+0) 
;__Lib_Lcd.c,120 :: 		
0x0706	0xDCF6      	RCALL       _Delay_5500us
;__Lib_Lcd.c,123 :: 		
0x0708	0x9883      	BCF         LCD_D4, BitPos(LCD_D4+0) 
;__Lib_Lcd.c,124 :: 		
0x070A	0x8683      	BSF         LCD_EN, BitPos(LCD_EN+0) 
;__Lib_Lcd.c,125 :: 		
0x070C	0xDCFE      	RCALL       _Delay_1us
;__Lib_Lcd.c,126 :: 		
0x070E	0x9683      	BCF         LCD_EN, BitPos(LCD_EN+0) 
;__Lib_Lcd.c,127 :: 		
0x0710	0xDCF1      	RCALL       _Delay_5500us
;__Lib_Lcd.c,130 :: 		
0x0712	0x8683      	BSF         LCD_EN, BitPos(LCD_EN+0) 
;__Lib_Lcd.c,131 :: 		
0x0714	0xDCFA      	RCALL       _Delay_1us
;__Lib_Lcd.c,132 :: 		
0x0716	0x9683      	BCF         LCD_EN, BitPos(LCD_EN+0) 
;__Lib_Lcd.c,134 :: 		
0x0718	0x9A83      	BCF         LCD_D5, BitPos(LCD_D5+0) 
;__Lib_Lcd.c,135 :: 		
0x071A	0x8E83      	BSF         LCD_D7, BitPos(LCD_D7+0) 
;__Lib_Lcd.c,136 :: 		
0x071C	0x8683      	BSF         LCD_EN, BitPos(LCD_EN+0) 
;__Lib_Lcd.c,137 :: 		
0x071E	0xDCF5      	RCALL       _Delay_1us
;__Lib_Lcd.c,138 :: 		
0x0720	0x9683      	BCF         LCD_EN, BitPos(LCD_EN+0) 
;__Lib_Lcd.c,139 :: 		
0x0722	0xDCE8      	RCALL       _Delay_5500us
;__Lib_Lcd.c,142 :: 		
0x0724	0x9E83      	BCF         LCD_D7, BitPos(LCD_D7+0) 
;__Lib_Lcd.c,143 :: 		
0x0726	0x8883      	BSF         LCD_D4, BitPos(LCD_D4+0) 
;__Lib_Lcd.c,144 :: 		
0x0728	0x8683      	BSF         LCD_EN, BitPos(LCD_EN+0) 
;__Lib_Lcd.c,145 :: 		
0x072A	0xDCEF      	RCALL       _Delay_1us
;__Lib_Lcd.c,146 :: 		
0x072C	0x9683      	BCF         LCD_EN, BitPos(LCD_EN+0) 
;__Lib_Lcd.c,148 :: 		
0x072E	0x9883      	BCF         LCD_D4, BitPos(LCD_D4+0) 
;__Lib_Lcd.c,149 :: 		
0x0730	0x8683      	BSF         LCD_EN, BitPos(LCD_EN+0) 
;__Lib_Lcd.c,150 :: 		
0x0732	0xDCEB      	RCALL       _Delay_1us
;__Lib_Lcd.c,151 :: 		
0x0734	0x9683      	BCF         LCD_EN, BitPos(LCD_EN+0) 
;__Lib_Lcd.c,152 :: 		
0x0736	0xDCDE      	RCALL       _Delay_5500us
;__Lib_Lcd.c,155 :: 		
0x0738	0x8683      	BSF         LCD_EN, BitPos(LCD_EN+0) 
;__Lib_Lcd.c,156 :: 		
0x073A	0xDCE7      	RCALL       _Delay_1us
;__Lib_Lcd.c,157 :: 		
0x073C	0x9683      	BCF         LCD_EN, BitPos(LCD_EN+0) 
;__Lib_Lcd.c,159 :: 		
0x073E	0x8883      	BSF         LCD_D4, BitPos(LCD_D4+0) 
;__Lib_Lcd.c,160 :: 		
0x0740	0x8683      	BSF         LCD_EN, BitPos(LCD_EN+0) 
;__Lib_Lcd.c,161 :: 		
0x0742	0xDCE3      	RCALL       _Delay_1us
;__Lib_Lcd.c,162 :: 		
0x0744	0x9683      	BCF         LCD_EN, BitPos(LCD_EN+0) 
;__Lib_Lcd.c,163 :: 		
0x0746	0xDCD6      	RCALL       _Delay_5500us
;__Lib_Lcd.c,166 :: 		
0x0748	0x9883      	BCF         LCD_D4, BitPos(LCD_D4+0) 
;__Lib_Lcd.c,167 :: 		
0x074A	0x8683      	BSF         LCD_EN, BitPos(LCD_EN+0) 
;__Lib_Lcd.c,168 :: 		
0x074C	0xDCDE      	RCALL       _Delay_1us
;__Lib_Lcd.c,169 :: 		
0x074E	0x9683      	BCF         LCD_EN, BitPos(LCD_EN+0) 
;__Lib_Lcd.c,171 :: 		
0x0750	0x8E83      	BSF         LCD_D7, BitPos(LCD_D7+0) 
;__Lib_Lcd.c,172 :: 		
0x0752	0x8C83      	BSF         LCD_D6, BitPos(LCD_D6+0) 
;__Lib_Lcd.c,173 :: 		
0x0754	0x8A83      	BSF         LCD_D5, BitPos(LCD_D5+0) 
;__Lib_Lcd.c,174 :: 		
0x0756	0x8883      	BSF         LCD_D4, BitPos(LCD_D4+0) 
;__Lib_Lcd.c,175 :: 		
0x0758	0x8683      	BSF         LCD_EN, BitPos(LCD_EN+0) 
;__Lib_Lcd.c,176 :: 		
0x075A	0xDCD7      	RCALL       _Delay_1us
;__Lib_Lcd.c,177 :: 		
0x075C	0x9683      	BCF         LCD_EN, BitPos(LCD_EN+0) 
;__Lib_Lcd.c,179 :: 		
0x075E	0xDCCA      	RCALL       _Delay_5500us
;__Lib_Lcd.c,181 :: 		
0x0760	0x804A      	BSF         __Lib_Lcd_cmd_status, BitPos(__Lib_Lcd_cmd_status+0) 
;__Lib_Lcd.c,182 :: 		
L_end_Lcd_Init:
0x0762	0x0012      	RETURN      0
; end of _Lcd_Init
___CC2DW:
;__Lib_System.c,21 :: 		
;__Lib_System.c,23 :: 		
_CC2DL_Loop1:
;__Lib_System.c,24 :: 		
0x0764	0x0009      	TBLRD*+
;__Lib_System.c,25 :: 		
0x0766	0xFFE6CFF5  	MOVFF       TABLAT, POSTINC1
;__Lib_System.c,26 :: 		
0x076A	0x0600      	DECF        R0, 1, 0
;__Lib_System.c,27 :: 		
0x076C	0xE1FB      	BNZ         _CC2DL_Loop1
;__Lib_System.c,28 :: 		
0x076E	0x0601      	DECF        R1, 1, 0
;__Lib_System.c,29 :: 		
0x0770	0xE1F9      	BNZ         _CC2DL_Loop1
;__Lib_System.c,31 :: 		
L_end___CC2DW:
0x0772	0x0012      	RETURN      0
; end of ___CC2DW
_longint2double:
;__Lib_MathDouble.c,2374 :: 		
;__Lib_MathDouble.c,2383 :: 		
0x0774	0x5000      	MOVF        R0, 0, 0
;__Lib_MathDouble.c,2384 :: 		
0x0776	0x6E08      	MOVWF       R8, 0
;__Lib_MathDouble.c,2385 :: 		
0x0778	0x5001      	MOVF        R1, 0, 0
;__Lib_MathDouble.c,2386 :: 		
0x077A	0x6E00      	MOVWF       R0, 0
;__Lib_MathDouble.c,2387 :: 		
0x077C	0x5002      	MOVF        R2, 0, 0
;__Lib_MathDouble.c,2388 :: 		
0x077E	0x6E01      	MOVWF       R1, 0
;__Lib_MathDouble.c,2389 :: 		
0x0780	0x5003      	MOVF        R3, 0, 0
;__Lib_MathDouble.c,2390 :: 		
0x0782	0x6E02      	MOVWF       R2, 0
;__Lib_MathDouble.c,2391 :: 		
0x0784	0x6A03      	CLRF        R3, 0
;__Lib_MathDouble.c,2394 :: 		
0x0786	0x6A0B      	CLRF        R11, 0
;__Lib_MathDouble.c,2395 :: 		
0x0788	0x6A0C      	CLRF        R12, 0
;__Lib_MathDouble.c,2397 :: 		
0x078A	0x0E9E      	MOVLW       158
;__Lib_MathDouble.c,2398 :: 		
0x078C	0x6E03      	MOVWF       R3, 0
;__Lib_MathDouble.c,2399 :: 		
0x078E	0x6A0A      	CLRF        R10, 0
;__Lib_MathDouble.c,2400 :: 		
0x0790	0xAE02      	BTFSS       R2, 7, 0
;__Lib_MathDouble.c,2401 :: 		
0x0792	0xF003EFD7  	GOTO        FLO3232EEE
;__Lib_MathDouble.c,2402 :: 		
0x0796	0x1E08      	COMF        R8, 1, 0
;__Lib_MathDouble.c,2403 :: 		
0x0798	0x1E00      	COMF        R0, 1, 0
;__Lib_MathDouble.c,2404 :: 		
0x079A	0x1E01      	COMF        R1, 1, 0
;__Lib_MathDouble.c,2405 :: 		
0x079C	0x1E02      	COMF        R2, 1, 0
;__Lib_MathDouble.c,2406 :: 		
0x079E	0x2A08      	INCF        R8, 1, 0
;__Lib_MathDouble.c,2407 :: 		
0x07A0	0xB4D8      	BTFSC       STATUS, 2, 0
;__Lib_MathDouble.c,2408 :: 		
0x07A2	0x2A00      	INCF        R0, 1, 0
;__Lib_MathDouble.c,2409 :: 		
0x07A4	0xB4D8      	BTFSC       STATUS, 2, 0
;__Lib_MathDouble.c,2410 :: 		
0x07A6	0x2A01      	INCF        R1, 1, 0
;__Lib_MathDouble.c,2411 :: 		
0x07A8	0xB4D8      	BTFSC       STATUS, 2, 0
;__Lib_MathDouble.c,2412 :: 		
0x07AA	0x2A02      	INCF        R2, 1, 0
;__Lib_MathDouble.c,2413 :: 		
0x07AC	0x8E0A      	BSF         R10, 7, 0
;__Lib_MathDouble.c,2414 :: 		
FLO3232EEE:
;__Lib_MathDouble.c,2415 :: 		
0x07AE	0x0E02      	MOVLW       2
;__Lib_MathDouble.c,2416 :: 		
0x07B0	0x6E0C      	MOVWF       R12, 0
;__Lib_MathDouble.c,2418 :: 		
0x07B2	0xDD15      	RCALL       _NRM4032
;__Lib_MathDouble.c,2419 :: 		
L_end_longint2double:
0x07B4	0x0012      	RETURN      0
; end of _longint2double
_Lcd_Out:
;__Lib_Lcd.c,184 :: 		
;__Lib_Lcd.c,187 :: 		
0x07B6	0xD00F      	BRA         L_Lcd_Out11
;__Lib_Lcd.c,188 :: 		
L_Lcd_Out13:
0x07B8	0x0E80      	MOVLW       128
0x07BA	0x6E4E      	MOVWF       FARG_Lcd_Out_row 
0x07BC	0xD019      	BRA         L_Lcd_Out12
;__Lib_Lcd.c,189 :: 		
L_Lcd_Out14:
0x07BE	0x0EC0      	MOVLW       192
0x07C0	0x6E4E      	MOVWF       FARG_Lcd_Out_row 
0x07C2	0xD016      	BRA         L_Lcd_Out12
;__Lib_Lcd.c,190 :: 		
L_Lcd_Out15:
0x07C4	0x0E94      	MOVLW       148
0x07C6	0x6E4E      	MOVWF       FARG_Lcd_Out_row 
0x07C8	0xD013      	BRA         L_Lcd_Out12
;__Lib_Lcd.c,191 :: 		
L_Lcd_Out16:
0x07CA	0x0ED4      	MOVLW       212
0x07CC	0x6E4E      	MOVWF       FARG_Lcd_Out_row 
0x07CE	0xD010      	BRA         L_Lcd_Out12
;__Lib_Lcd.c,192 :: 		
L_Lcd_Out17:
0x07D0	0x0E80      	MOVLW       128
0x07D2	0x6E4E      	MOVWF       FARG_Lcd_Out_row 
;__Lib_Lcd.c,193 :: 		
0x07D4	0xD00D      	BRA         L_Lcd_Out12
L_Lcd_Out11:
0x07D6	0x504E      	MOVF        FARG_Lcd_Out_row, 0 
0x07D8	0x0A01      	XORLW       1
0x07DA	0xE0EE      	BZ          L_Lcd_Out13
0x07DC	0x504E      	MOVF        FARG_Lcd_Out_row, 0 
0x07DE	0x0A02      	XORLW       2
0x07E0	0xE0EE      	BZ          L_Lcd_Out14
0x07E2	0x504E      	MOVF        FARG_Lcd_Out_row, 0 
0x07E4	0x0A03      	XORLW       3
0x07E6	0xE0EE      	BZ          L_Lcd_Out15
0x07E8	0x504E      	MOVF        FARG_Lcd_Out_row, 0 
0x07EA	0x0A04      	XORLW       4
0x07EC	0xE0EE      	BZ          L_Lcd_Out16
0x07EE	0xD7F0      	BRA         L_Lcd_Out17
L_Lcd_Out12:
;__Lib_Lcd.c,194 :: 		
0x07F0	0x044F      	DECF        FARG_Lcd_Out_column, 0 
0x07F2	0x6E00      	MOVWF       R0 
0x07F4	0x504E      	MOVF        FARG_Lcd_Out_row, 0 
0x07F6	0x2600      	ADDWF       R0, 1 
0x07F8	0xF04EC000  	MOVFF       R0, FARG_Lcd_Out_row
;__Lib_Lcd.c,196 :: 		
0x07FC	0xF060C000  	MOVFF       R0, FARG_Lcd_Cmd_out_char
0x0800	0xDC9C      	RCALL       _Lcd_Cmd
;__Lib_Lcd.c,197 :: 		
0x0802	0x904A      	BCF         __Lib_Lcd_cmd_status, BitPos(__Lib_Lcd_cmd_status+0) 
;__Lib_Lcd.c,198 :: 		
0x0804	0x6A52      	CLRF        Lcd_Out_i_L0 
;__Lib_Lcd.c,199 :: 		
L_Lcd_Out18:
0x0806	0x5052      	MOVF        Lcd_Out_i_L0, 0 
0x0808	0x2450      	ADDWF       FARG_Lcd_Out_text, 0 
0x080A	0x6EE9      	MOVWF       FSR0L 
0x080C	0x0E00      	MOVLW       0
0x080E	0x2051      	ADDWFC      FARG_Lcd_Out_text+1, 0 
0x0810	0x6EEA      	MOVWF       FSR0H 
0x0812	0x52EE      	MOVF        POSTINC0, 1 
0x0814	0xE00B      	BZ          L_Lcd_Out19
;__Lib_Lcd.c,200 :: 		
0x0816	0x5052      	MOVF        Lcd_Out_i_L0, 0 
0x0818	0x2450      	ADDWF       FARG_Lcd_Out_text, 0 
0x081A	0x6EE9      	MOVWF       FSR0L 
0x081C	0x0E00      	MOVLW       0
0x081E	0x2051      	ADDWFC      FARG_Lcd_Out_text+1, 0 
0x0820	0x6EEA      	MOVWF       FSR0H 
0x0822	0xF05CCFEE  	MOVFF       POSTINC0, FARG_Lcd_Chr_CP_out_char
0x0826	0xDED1      	RCALL       _Lcd_Chr_CP
0x0828	0x2A52      	INCF        Lcd_Out_i_L0, 1 
0x082A	0xD7ED      	BRA         L_Lcd_Out18
L_Lcd_Out19:
;__Lib_Lcd.c,201 :: 		
0x082C	0x804A      	BSF         __Lib_Lcd_cmd_status, BitPos(__Lib_Lcd_cmd_status+0) 
;__Lib_Lcd.c,202 :: 		
L_end_Lcd_Out:
0x082E	0x0012      	RETURN      0
; end of _Lcd_Out
_FloatToStr:
;__Lib_Conversions.c,521 :: 		
;__Lib_Conversions.c,523 :: 		
0x0830	0x6A5A      	CLRF        FloatToStr_bpoint_L0 
0x0832	0x6A5B      	CLRF        FloatToStr_dexpon_L0 
;__Lib_Conversions.c,528 :: 		
0x0834	0xF056C04E  	MOVFF       FARG_FloatToStr_fnum, FloatToStr_un_L0
0x0838	0xF057C04F  	MOVFF       FARG_FloatToStr_fnum+1, FloatToStr_un_L0+1
0x083C	0xF058C050  	MOVFF       FARG_FloatToStr_fnum+2, FloatToStr_un_L0+2
0x0840	0xF059C051  	MOVFF       FARG_FloatToStr_fnum+3, FloatToStr_un_L0+3
;__Lib_Conversions.c,529 :: 		
0x0844	0x5059      	MOVF        FloatToStr_un_L0+3, 0 
0x0846	0x0AFF      	XORLW       255
0x0848	0xE108      	BNZ         L__FloatToStr197
0x084A	0x5058      	MOVF        FloatToStr_un_L0+2, 0 
0x084C	0x0AFF      	XORLW       255
0x084E	0xE105      	BNZ         L__FloatToStr197
0x0850	0x5057      	MOVF        FloatToStr_un_L0+1, 0 
0x0852	0x0AFF      	XORLW       255
0x0854	0xE102      	BNZ         L__FloatToStr197
0x0856	0x5056      	MOVF        FloatToStr_un_L0, 0 
0x0858	0x0AFF      	XORLW       255
L__FloatToStr197:
0x085A	0xE10C      	BNZ         L_FloatToStr90
;__Lib_Conversions.c,530 :: 		
0x085C	0xF05CC052  	MOVFF       FARG_FloatToStr_str, FARG_strcpy_to
0x0860	0xF05DC053  	MOVFF       FARG_FloatToStr_str+1, FARG_strcpy_to+1
0x0864	0x0E21      	MOVLW       ?lstr1___Lib_Conversions
0x0866	0x6E5E      	MOVWF       FARG_strcpy_from 
0x0868	0x0E00      	MOVLW       hi_addr(?lstr1___Lib_Conversions)
0x086A	0x6E5F      	MOVWF       FARG_strcpy_from+1 
0x086C	0xDDA9      	RCALL       _strcpy
;__Lib_Conversions.c,531 :: 		
0x086E	0x0E03      	MOVLW       3
0x0870	0x6E00      	MOVWF       R0 
0x0872	0xD1EA      	BRA         L_end_FloatToStr
;__Lib_Conversions.c,532 :: 		
L_FloatToStr90:
;__Lib_Conversions.c,533 :: 		
0x0874	0x0E01      	MOVLW       1
0x0876	0x6E54      	MOVWF       FloatToStr_i_L0 
;__Lib_Conversions.c,534 :: 		
0x0878	0xAE58      	BTFSS       FloatToStr_un_L0+2, 7 
0x087A	0xD00E      	BRA         L_FloatToStr91
;__Lib_Conversions.c,535 :: 		
0x087C	0x0E80      	MOVLW       128
0x087E	0x1858      	XORWF       FloatToStr_un_L0+2, 0 
0x0880	0x6E00      	MOVWF       R0 
0x0882	0xF058C000  	MOVFF       R0, FloatToStr_un_L0+2
;__Lib_Conversions.c,536 :: 		
0x0886	0x2A54      	INCF        FloatToStr_i_L0, 1 
;__Lib_Conversions.c,537 :: 		
0x0888	0xFFE1C052  	MOVFF       FARG_FloatToStr_str, FSR1L
0x088C	0xFFE2C053  	MOVFF       FARG_FloatToStr_str+1, FSR1H
0x0890	0x0E2D      	MOVLW       45
0x0892	0x6EE6      	MOVWF       POSTINC1 
0x0894	0x4A52      	INFSNZ      FARG_FloatToStr_str, 1 
0x0896	0x2A53      	INCF        FARG_FloatToStr_str+1, 1 
;__Lib_Conversions.c,538 :: 		
L_FloatToStr91:
;__Lib_Conversions.c,539 :: 		
0x0898	0x0E00      	MOVLW       0
0x089A	0x6E00      	MOVWF       R0 
0x089C	0x1859      	XORWF       FloatToStr_un_L0+3, 0 
0x089E	0xE108      	BNZ         L__FloatToStr198
0x08A0	0x5000      	MOVF        R0, 0 
0x08A2	0x1858      	XORWF       FloatToStr_un_L0+2, 0 
0x08A4	0xE105      	BNZ         L__FloatToStr198
0x08A6	0x5000      	MOVF        R0, 0 
0x08A8	0x1857      	XORWF       FloatToStr_un_L0+1, 0 
0x08AA	0xE102      	BNZ         L__FloatToStr198
0x08AC	0x5056      	MOVF        FloatToStr_un_L0, 0 
0x08AE	0x0A00      	XORLW       0
L__FloatToStr198:
0x08B0	0xE10B      	BNZ         L_FloatToStr92
;__Lib_Conversions.c,540 :: 		
0x08B2	0xF05CC052  	MOVFF       FARG_FloatToStr_str, FARG_strcpy_to
0x08B6	0xF05DC053  	MOVFF       FARG_FloatToStr_str+1, FARG_strcpy_to+1
0x08BA	0x0E1F      	MOVLW       ?lstr2___Lib_Conversions
0x08BC	0x6E5E      	MOVWF       FARG_strcpy_from 
0x08BE	0x0E00      	MOVLW       hi_addr(?lstr2___Lib_Conversions)
0x08C0	0x6E5F      	MOVWF       FARG_strcpy_from+1 
0x08C2	0xDD7E      	RCALL       _strcpy
;__Lib_Conversions.c,541 :: 		
0x08C4	0x6A00      	CLRF        R0 
0x08C6	0xD1C0      	BRA         L_end_FloatToStr
;__Lib_Conversions.c,542 :: 		
L_FloatToStr92:
;__Lib_Conversions.c,543 :: 		
0x08C8	0x5059      	MOVF        FloatToStr_un_L0+3, 0 
0x08CA	0x0AFF      	XORLW       255
0x08CC	0xE108      	BNZ         L__FloatToStr199
0x08CE	0x5058      	MOVF        FloatToStr_un_L0+2, 0 
0x08D0	0x0A00      	XORLW       0
0x08D2	0xE105      	BNZ         L__FloatToStr199
0x08D4	0x5057      	MOVF        FloatToStr_un_L0+1, 0 
0x08D6	0x0A00      	XORLW       0
0x08D8	0xE102      	BNZ         L__FloatToStr199
0x08DA	0x5056      	MOVF        FloatToStr_un_L0, 0 
0x08DC	0x0A00      	XORLW       0
L__FloatToStr199:
0x08DE	0xE10C      	BNZ         L_FloatToStr93
;__Lib_Conversions.c,544 :: 		
0x08E0	0xF05CC052  	MOVFF       FARG_FloatToStr_str, FARG_strcpy_to
0x08E4	0xF05DC053  	MOVFF       FARG_FloatToStr_str+1, FARG_strcpy_to+1
0x08E8	0x0E34      	MOVLW       ?lstr3___Lib_Conversions
0x08EA	0x6E5E      	MOVWF       FARG_strcpy_from 
0x08EC	0x0E00      	MOVLW       hi_addr(?lstr3___Lib_Conversions)
0x08EE	0x6E5F      	MOVWF       FARG_strcpy_from+1 
0x08F0	0xDD67      	RCALL       _strcpy
;__Lib_Conversions.c,545 :: 		
0x08F2	0xF000C054  	MOVFF       FloatToStr_i_L0, R0
0x08F6	0xD1A8      	BRA         L_end_FloatToStr
;__Lib_Conversions.c,546 :: 		
L_FloatToStr93:
;__Lib_Conversions.c,554 :: 		
L_FloatToStr94:
0x08F8	0x0E00      	MOVLW       0
0x08FA	0x6E04      	MOVWF       R4 
0x08FC	0x0E00      	MOVLW       0
0x08FE	0x6E05      	MOVWF       R5 
0x0900	0x0E00      	MOVLW       0
0x0902	0x6E06      	MOVWF       R6 
0x0904	0x0E7F      	MOVLW       127
0x0906	0x6E07      	MOVWF       R7 
0x0908	0xF000C056  	MOVFF       FloatToStr_un_L0, R0
0x090C	0xF001C057  	MOVFF       FloatToStr_un_L0+1, R1
0x0910	0xF002C058  	MOVFF       FloatToStr_un_L0+2, R2
0x0914	0xF003C059  	MOVFF       FloatToStr_un_L0+3, R3
0x0918	0xDE5E      	RCALL       _Compare_Double
0x091A	0x0E01      	MOVLW       1
0x091C	0xB0D8      	BTFSC       STATUS, 0 
0x091E	0x0E00      	MOVLW       0
0x0920	0x6E00      	MOVWF       R0 
0x0922	0x5200      	MOVF        R0, 1 
0x0924	0xE01B      	BZ          L_FloatToStr95
;__Lib_Conversions.c,555 :: 		
0x0926	0xF000C056  	MOVFF       FloatToStr_un_L0, R0
0x092A	0xF001C057  	MOVFF       FloatToStr_un_L0+1, R1
0x092E	0xF002C058  	MOVFF       FloatToStr_un_L0+2, R2
0x0932	0xF003C059  	MOVFF       FloatToStr_un_L0+3, R3
0x0936	0x0E00      	MOVLW       0
0x0938	0x6E04      	MOVWF       R4 
0x093A	0x0E00      	MOVLW       0
0x093C	0x6E05      	MOVWF       R5 
0x093E	0x0E20      	MOVLW       32
0x0940	0x6E06      	MOVWF       R6 
0x0942	0x0E82      	MOVLW       130
0x0944	0x6E07      	MOVWF       R7 
0x0946	0xDDB1      	RCALL       _Mul_32x32_FP
0x0948	0xF056C000  	MOVFF       R0, FloatToStr_un_L0
0x094C	0xF057C001  	MOVFF       R1, FloatToStr_un_L0+1
0x0950	0xF058C002  	MOVFF       R2, FloatToStr_un_L0+2
0x0954	0xF059C003  	MOVFF       R3, FloatToStr_un_L0+3
;__Lib_Conversions.c,556 :: 		
0x0958	0x065B      	DECF        FloatToStr_dexpon_L0, 1 
;__Lib_Conversions.c,557 :: 		
0x095A	0xD7CE      	BRA         L_FloatToStr94
L_FloatToStr95:
;__Lib_Conversions.c,562 :: 		
L_FloatToStr96:
0x095C	0x0E00      	MOVLW       0
0x095E	0x6E04      	MOVWF       R4 
0x0960	0x0E00      	MOVLW       0
0x0962	0x6E05      	MOVWF       R5 
0x0964	0x0E20      	MOVLW       32
0x0966	0x6E06      	MOVWF       R6 
0x0968	0x0E82      	MOVLW       130
0x096A	0x6E07      	MOVWF       R7 
0x096C	0xF000C056  	MOVFF       FloatToStr_un_L0, R0
0x0970	0xF001C057  	MOVFF       FloatToStr_un_L0+1, R1
0x0974	0xF002C058  	MOVFF       FloatToStr_un_L0+2, R2
0x0978	0xF003C059  	MOVFF       FloatToStr_un_L0+3, R3
0x097C	0xDE2C      	RCALL       _Compare_Double
0x097E	0x0E00      	MOVLW       0
0x0980	0xB0D8      	BTFSC       STATUS, 0 
0x0982	0x0E01      	MOVLW       1
0x0984	0x6E00      	MOVWF       R0 
0x0986	0x5200      	MOVF        R0, 1 
0x0988	0xE01B      	BZ          L_FloatToStr97
;__Lib_Conversions.c,563 :: 		
0x098A	0xF000C056  	MOVFF       FloatToStr_un_L0, R0
0x098E	0xF001C057  	MOVFF       FloatToStr_un_L0+1, R1
0x0992	0xF002C058  	MOVFF       FloatToStr_un_L0+2, R2
0x0996	0xF003C059  	MOVFF       FloatToStr_un_L0+3, R3
0x099A	0x0ECD      	MOVLW       205
0x099C	0x6E04      	MOVWF       R4 
0x099E	0x0ECC      	MOVLW       204
0x09A0	0x6E05      	MOVWF       R5 
0x09A2	0x0E4C      	MOVLW       76
0x09A4	0x6E06      	MOVWF       R6 
0x09A6	0x0E7B      	MOVLW       123
0x09A8	0x6E07      	MOVWF       R7 
0x09AA	0xDD7F      	RCALL       _Mul_32x32_FP
0x09AC	0xF056C000  	MOVFF       R0, FloatToStr_un_L0
0x09B0	0xF057C001  	MOVFF       R1, FloatToStr_un_L0+1
0x09B4	0xF058C002  	MOVFF       R2, FloatToStr_un_L0+2
0x09B8	0xF059C003  	MOVFF       R3, FloatToStr_un_L0+3
;__Lib_Conversions.c,564 :: 		
0x09BC	0x2A5B      	INCF        FloatToStr_dexpon_L0, 1 
;__Lib_Conversions.c,565 :: 		
0x09BE	0xD7CE      	BRA         L_FloatToStr96
L_FloatToStr97:
;__Lib_Conversions.c,574 :: 		
0x09C0	0x0EFF      	MOVLW       255
0x09C2	0x1456      	ANDWF       FloatToStr_un_L0, 0 
0x09C4	0x6E08      	MOVWF       R8 
0x09C6	0x0EFF      	MOVLW       255
0x09C8	0x1457      	ANDWF       FloatToStr_un_L0+1, 0 
0x09CA	0x6E09      	MOVWF       R9 
0x09CC	0x0E7F      	MOVLW       127
0x09CE	0x1458      	ANDWF       FloatToStr_un_L0+2, 0 
0x09D0	0x6E0A      	MOVWF       R10 
0x09D2	0x0E00      	MOVLW       0
0x09D4	0x1459      	ANDWF       FloatToStr_un_L0+3, 0 
0x09D6	0x6E0B      	MOVWF       R11 
;__Lib_Conversions.c,575 :: 		
0x09D8	0xF004C008  	MOVFF       R8, R4
0x09DC	0xF005C009  	MOVFF       R9, R5
0x09E0	0xF006C00A  	MOVFF       R10, R6
0x09E4	0xF007C00B  	MOVFF       R11, R7
0x09E8	0x3604      	RLCF        R4, 1 
0x09EA	0x9004      	BCF         R4, 0 
0x09EC	0x3605      	RLCF        R5, 1 
0x09EE	0x3606      	RLCF        R6, 1 
0x09F0	0x3607      	RLCF        R7, 1 
;__Lib_Conversions.c,576 :: 		
0x09F2	0x0E00      	MOVLW       0
0x09F4	0x1456      	ANDWF       FloatToStr_un_L0, 0 
0x09F6	0x6E00      	MOVWF       R0 
0x09F8	0x0E00      	MOVLW       0
0x09FA	0x1457      	ANDWF       FloatToStr_un_L0+1, 0 
0x09FC	0x6E01      	MOVWF       R1 
0x09FE	0x0E00      	MOVLW       0
0x0A00	0x1458      	ANDWF       FloatToStr_un_L0+2, 0 
0x0A02	0x6E02      	MOVWF       R2 
0x0A04	0x0EFF      	MOVLW       255
0x0A06	0x1459      	ANDWF       FloatToStr_un_L0+3, 0 
0x0A08	0x6E03      	MOVWF       R3 
0x0A0A	0xF056C000  	MOVFF       R0, FloatToStr_un_L0
0x0A0E	0xF057C001  	MOVFF       R1, FloatToStr_un_L0+1
0x0A12	0xF058C002  	MOVFF       R2, FloatToStr_un_L0+2
0x0A16	0xF059C003  	MOVFF       R3, FloatToStr_un_L0+3
;__Lib_Conversions.c,577 :: 		
0x0A1A	0x5004      	MOVF        R4, 0 
0x0A1C	0x1056      	IORWF       FloatToStr_un_L0, 0 
0x0A1E	0x6E00      	MOVWF       R0 
0x0A20	0x5005      	MOVF        R5, 0 
0x0A22	0x1057      	IORWF       FloatToStr_un_L0+1, 0 
0x0A24	0x6E01      	MOVWF       R1 
0x0A26	0x5006      	MOVF        R6, 0 
0x0A28	0x1058      	IORWF       FloatToStr_un_L0+2, 0 
0x0A2A	0x6E02      	MOVWF       R2 
0x0A2C	0x5007      	MOVF        R7, 0 
0x0A2E	0x1059      	IORWF       FloatToStr_un_L0+3, 0 
0x0A30	0x6E03      	MOVWF       R3 
0x0A32	0xF056C000  	MOVFF       R0, FloatToStr_un_L0
0x0A36	0xF057C001  	MOVFF       R1, FloatToStr_un_L0+1
0x0A3A	0xF058C002  	MOVFF       R2, FloatToStr_un_L0+2
0x0A3E	0xF059C003  	MOVFF       R3, FloatToStr_un_L0+3
;__Lib_Conversions.c,579 :: 		
0x0A42	0x0E7F      	MOVLW       127
0x0A44	0x5C59      	SUBWF       FloatToStr_un_L0+3, 0 
0x0A46	0x6E00      	MOVWF       R0 
0x0A48	0xF055C000  	MOVFF       R0, FloatToStr_d_L0
;__Lib_Conversions.c,582 :: 		
0x0A4C	0x0E01      	MOVLW       1
0x0A4E	0x6E59      	MOVWF       FloatToStr_un_L0+3 
;__Lib_Conversions.c,583 :: 		
0x0A50	0xF004C000  	MOVFF       R0, R4
0x0A54	0xF000C056  	MOVFF       FloatToStr_un_L0, R0
0x0A58	0xF001C057  	MOVFF       FloatToStr_un_L0+1, R1
0x0A5C	0xF002C058  	MOVFF       FloatToStr_un_L0+2, R2
0x0A60	0xF003C059  	MOVFF       FloatToStr_un_L0+3, R3
0x0A64	0x5004      	MOVF        R4, 0 
L__FloatToStr200:
0x0A66	0xE007      	BZ          L__FloatToStr201
0x0A68	0x3600      	RLCF        R0, 1 
0x0A6A	0x9000      	BCF         R0, 0 
0x0A6C	0x3601      	RLCF        R1, 1 
0x0A6E	0x3602      	RLCF        R2, 1 
0x0A70	0x3603      	RLCF        R3, 1 
0x0A72	0x0FFF      	ADDLW       255
0x0A74	0xD7F8      	BRA         L__FloatToStr200
L__FloatToStr201:
0x0A76	0xF056C000  	MOVFF       R0, FloatToStr_un_L0
0x0A7A	0xF057C001  	MOVFF       R1, FloatToStr_un_L0+1
0x0A7E	0xF058C002  	MOVFF       R2, FloatToStr_un_L0+2
0x0A82	0xF059C003  	MOVFF       R3, FloatToStr_un_L0+3
;__Lib_Conversions.c,584 :: 		
0x0A86	0xFFE1C052  	MOVFF       FARG_FloatToStr_str, FSR1L
0x0A8A	0xFFE2C053  	MOVFF       FARG_FloatToStr_str+1, FSR1H
0x0A8E	0x5059      	MOVF        FloatToStr_un_L0+3, 0 
0x0A90	0x0F30      	ADDLW       48
0x0A92	0x6EE6      	MOVWF       POSTINC1 
0x0A94	0x4A52      	INFSNZ      FARG_FloatToStr_str, 1 
0x0A96	0x2A53      	INCF        FARG_FloatToStr_str+1, 1 
;__Lib_Conversions.c,585 :: 		
0x0A98	0x0E80      	MOVLW       128
0x0A9A	0x185B      	XORWF       FloatToStr_dexpon_L0, 0 
0x0A9C	0x6E00      	MOVWF       R0 
0x0A9E	0x0E80      	MOVLW       128
0x0AA0	0x0A01      	XORLW       1
0x0AA2	0x5C00      	SUBWF       R0, 0 
0x0AA4	0xE308      	BNC         L__FloatToStr148
0x0AA6	0x0E80      	MOVLW       128
0x0AA8	0x0A06      	XORLW       6
0x0AAA	0x6E00      	MOVWF       R0 
0x0AAC	0x0E80      	MOVLW       128
0x0AAE	0x185B      	XORWF       FloatToStr_dexpon_L0, 0 
0x0AB0	0x5C00      	SUBWF       R0, 0 
0x0AB2	0xE301      	BNC         L__FloatToStr148
0x0AB4	0xD00A      	BRA         L_FloatToStr100
L__FloatToStr148:
;__Lib_Conversions.c,586 :: 		
0x0AB6	0xFFE1C052  	MOVFF       FARG_FloatToStr_str, FSR1L
0x0ABA	0xFFE2C053  	MOVFF       FARG_FloatToStr_str+1, FSR1H
0x0ABE	0x0E2E      	MOVLW       46
0x0AC0	0x6EE6      	MOVWF       POSTINC1 
0x0AC2	0x4A52      	INFSNZ      FARG_FloatToStr_str, 1 
0x0AC4	0x2A53      	INCF        FARG_FloatToStr_str+1, 1 
;__Lib_Conversions.c,587 :: 		
0x0AC6	0x0E01      	MOVLW       1
0x0AC8	0x6E5A      	MOVWF       FloatToStr_bpoint_L0 
;__Lib_Conversions.c,588 :: 		
L_FloatToStr100:
;__Lib_Conversions.c,589 :: 		
0x0ACA	0x0E06      	MOVLW       6
0x0ACC	0x6E55      	MOVWF       FloatToStr_d_L0 
L_FloatToStr101:
0x0ACE	0x5055      	MOVF        FloatToStr_d_L0, 0 
0x0AD0	0x0A00      	XORLW       0
0x0AD2	0xE054      	BZ          L_FloatToStr102
;__Lib_Conversions.c,590 :: 		
0x0AD4	0x6A59      	CLRF        FloatToStr_un_L0+3 
;__Lib_Conversions.c,591 :: 		
0x0AD6	0xF000C056  	MOVFF       FloatToStr_un_L0, R0
0x0ADA	0xF001C057  	MOVFF       FloatToStr_un_L0+1, R1
0x0ADE	0xF002C058  	MOVFF       FloatToStr_un_L0+2, R2
0x0AE2	0xF003C059  	MOVFF       FloatToStr_un_L0+3, R3
0x0AE6	0x3600      	RLCF        R0, 1 
0x0AE8	0x9000      	BCF         R0, 0 
0x0AEA	0x3601      	RLCF        R1, 1 
0x0AEC	0x3602      	RLCF        R2, 1 
0x0AEE	0x3603      	RLCF        R3, 1 
0x0AF0	0x3600      	RLCF        R0, 1 
0x0AF2	0x9000      	BCF         R0, 0 
0x0AF4	0x3601      	RLCF        R1, 1 
0x0AF6	0x3602      	RLCF        R2, 1 
0x0AF8	0x3603      	RLCF        R3, 1 
0x0AFA	0x5056      	MOVF        FloatToStr_un_L0, 0 
0x0AFC	0x2600      	ADDWF       R0, 1 
0x0AFE	0x5057      	MOVF        FloatToStr_un_L0+1, 0 
0x0B00	0x2201      	ADDWFC      R1, 1 
0x0B02	0x5058      	MOVF        FloatToStr_un_L0+2, 0 
0x0B04	0x2202      	ADDWFC      R2, 1 
0x0B06	0x5059      	MOVF        FloatToStr_un_L0+3, 0 
0x0B08	0x2203      	ADDWFC      R3, 1 
0x0B0A	0xF056C000  	MOVFF       R0, FloatToStr_un_L0
0x0B0E	0xF057C001  	MOVFF       R1, FloatToStr_un_L0+1
0x0B12	0xF058C002  	MOVFF       R2, FloatToStr_un_L0+2
0x0B16	0xF059C003  	MOVFF       R3, FloatToStr_un_L0+3
;__Lib_Conversions.c,592 :: 		
0x0B1A	0xF000C056  	MOVFF       FloatToStr_un_L0, R0
0x0B1E	0xF001C057  	MOVFF       FloatToStr_un_L0+1, R1
0x0B22	0xF002C058  	MOVFF       FloatToStr_un_L0+2, R2
0x0B26	0xF003C059  	MOVFF       FloatToStr_un_L0+3, R3
0x0B2A	0x3600      	RLCF        R0, 1 
0x0B2C	0x9000      	BCF         R0, 0 
0x0B2E	0x3601      	RLCF        R1, 1 
0x0B30	0x3602      	RLCF        R2, 1 
0x0B32	0x3603      	RLCF        R3, 1 
0x0B34	0xF056C000  	MOVFF       R0, FloatToStr_un_L0
0x0B38	0xF057C001  	MOVFF       R1, FloatToStr_un_L0+1
0x0B3C	0xF058C002  	MOVFF       R2, FloatToStr_un_L0+2
0x0B40	0xF059C003  	MOVFF       R3, FloatToStr_un_L0+3
;__Lib_Conversions.c,593 :: 		
0x0B44	0xFFE1C052  	MOVFF       FARG_FloatToStr_str, FSR1L
0x0B48	0xFFE2C053  	MOVFF       FARG_FloatToStr_str+1, FSR1H
0x0B4C	0x5059      	MOVF        FloatToStr_un_L0+3, 0 
0x0B4E	0x0F30      	ADDLW       48
0x0B50	0x6EE6      	MOVWF       POSTINC1 
0x0B52	0x4A52      	INFSNZ      FARG_FloatToStr_str, 1 
0x0B54	0x2A53      	INCF        FARG_FloatToStr_str+1, 1 
;__Lib_Conversions.c,594 :: 		
0x0B56	0x505A      	MOVF        FloatToStr_bpoint_L0, 0 
0x0B58	0x0A00      	XORLW       0
0x0B5A	0xE10E      	BNZ         L_FloatToStr104
;__Lib_Conversions.c,595 :: 		
0x0B5C	0x065B      	DECF        FloatToStr_dexpon_L0, 1 
0x0B5E	0x505B      	MOVF        FloatToStr_dexpon_L0, 0 
0x0B60	0x0A00      	XORLW       0
0x0B62	0xE10A      	BNZ         L_FloatToStr105
;__Lib_Conversions.c,596 :: 		
0x0B64	0xFFE1C052  	MOVFF       FARG_FloatToStr_str, FSR1L
0x0B68	0xFFE2C053  	MOVFF       FARG_FloatToStr_str+1, FSR1H
0x0B6C	0x0E2E      	MOVLW       46
0x0B6E	0x6EE6      	MOVWF       POSTINC1 
0x0B70	0x4A52      	INFSNZ      FARG_FloatToStr_str, 1 
0x0B72	0x2A53      	INCF        FARG_FloatToStr_str+1, 1 
;__Lib_Conversions.c,597 :: 		
0x0B74	0x0E01      	MOVLW       1
0x0B76	0x6E5A      	MOVWF       FloatToStr_bpoint_L0 
;__Lib_Conversions.c,598 :: 		
L_FloatToStr105:
L_FloatToStr104:
;__Lib_Conversions.c,589 :: 		
0x0B78	0x0655      	DECF        FloatToStr_d_L0, 1 
;__Lib_Conversions.c,599 :: 		
0x0B7A	0xD7A9      	BRA         L_FloatToStr101
L_FloatToStr102:
;__Lib_Conversions.c,600 :: 		
L_FloatToStr106:
0x0B7C	0x0EFF      	MOVLW       255
0x0B7E	0x2452      	ADDWF       FARG_FloatToStr_str, 0 
0x0B80	0x6EE9      	MOVWF       FSR0L 
0x0B82	0x0EFF      	MOVLW       255
0x0B84	0x2053      	ADDWFC      FARG_FloatToStr_str+1, 0 
0x0B86	0x6EEA      	MOVWF       FSR0H 
0x0B88	0x50EE      	MOVF        POSTINC0, 0 
0x0B8A	0x0A30      	XORLW       48
0x0B8C	0xE105      	BNZ         L_FloatToStr107
;__Lib_Conversions.c,601 :: 		
0x0B8E	0x0E01      	MOVLW       1
0x0B90	0x5E52      	SUBWF       FARG_FloatToStr_str, 1 
0x0B92	0x0E00      	MOVLW       0
0x0B94	0x5A53      	SUBWFB      FARG_FloatToStr_str+1, 1 
0x0B96	0xD7F2      	BRA         L_FloatToStr106
L_FloatToStr107:
;__Lib_Conversions.c,602 :: 		
0x0B98	0x0EFF      	MOVLW       255
0x0B9A	0x2452      	ADDWF       FARG_FloatToStr_str, 0 
0x0B9C	0x6EE9      	MOVWF       FSR0L 
0x0B9E	0x0EFF      	MOVLW       255
0x0BA0	0x2053      	ADDWFC      FARG_FloatToStr_str+1, 0 
0x0BA2	0x6EEA      	MOVWF       FSR0H 
0x0BA4	0x50EE      	MOVF        POSTINC0, 0 
0x0BA6	0x0A2E      	XORLW       46
0x0BA8	0xE104      	BNZ         L_FloatToStr108
;__Lib_Conversions.c,603 :: 		
0x0BAA	0x0E01      	MOVLW       1
0x0BAC	0x5E52      	SUBWF       FARG_FloatToStr_str, 1 
0x0BAE	0x0E00      	MOVLW       0
0x0BB0	0x5A53      	SUBWFB      FARG_FloatToStr_str+1, 1 
L_FloatToStr108:
;__Lib_Conversions.c,604 :: 		
0x0BB2	0x505B      	MOVF        FloatToStr_dexpon_L0, 0 
0x0BB4	0x0A00      	XORLW       0
0x0BB6	0xE042      	BZ          L_FloatToStr109
;__Lib_Conversions.c,605 :: 		
0x0BB8	0xFFE1C052  	MOVFF       FARG_FloatToStr_str, FSR1L
0x0BBC	0xFFE2C053  	MOVFF       FARG_FloatToStr_str+1, FSR1H
0x0BC0	0x0E65      	MOVLW       101
0x0BC2	0x6EE6      	MOVWF       POSTINC1 
0x0BC4	0x4A52      	INFSNZ      FARG_FloatToStr_str, 1 
0x0BC6	0x2A53      	INCF        FARG_FloatToStr_str+1, 1 
;__Lib_Conversions.c,606 :: 		
0x0BC8	0x0E80      	MOVLW       128
0x0BCA	0x185B      	XORWF       FloatToStr_dexpon_L0, 0 
0x0BCC	0x6E00      	MOVWF       R0 
0x0BCE	0x0E80      	MOVLW       128
0x0BD0	0x0A00      	XORLW       0
0x0BD2	0x5C00      	SUBWF       R0, 0 
0x0BD4	0xE20B      	BC          L_FloatToStr110
;__Lib_Conversions.c,607 :: 		
0x0BD6	0xFFE1C052  	MOVFF       FARG_FloatToStr_str, FSR1L
0x0BDA	0xFFE2C053  	MOVFF       FARG_FloatToStr_str+1, FSR1H
0x0BDE	0x0E2D      	MOVLW       45
0x0BE0	0x6EE6      	MOVWF       POSTINC1 
0x0BE2	0x4A52      	INFSNZ      FARG_FloatToStr_str, 1 
0x0BE4	0x2A53      	INCF        FARG_FloatToStr_str+1, 1 
;__Lib_Conversions.c,608 :: 		
0x0BE6	0x505B      	MOVF        FloatToStr_dexpon_L0, 0 
0x0BE8	0x0800      	SUBLW       0
0x0BEA	0x6E5B      	MOVWF       FloatToStr_dexpon_L0 
;__Lib_Conversions.c,609 :: 		
L_FloatToStr110:
;__Lib_Conversions.c,610 :: 		
0x0BEC	0xF055C05B  	MOVFF       FloatToStr_dexpon_L0, FloatToStr_d_L0
;__Lib_Conversions.c,611 :: 		
0x0BF0	0x0E80      	MOVLW       128
0x0BF2	0x0A09      	XORLW       9
0x0BF4	0x6E00      	MOVWF       R0 
0x0BF6	0x0E80      	MOVLW       128
0x0BF8	0x185B      	XORWF       FloatToStr_dexpon_L0, 0 
0x0BFA	0x5C00      	SUBWF       R0, 0 
0x0BFC	0xE20E      	BC          L_FloatToStr111
;__Lib_Conversions.c,612 :: 		
0x0BFE	0x0E0A      	MOVLW       10
0x0C00	0x6E04      	MOVWF       R4 
0x0C02	0xF000C055  	MOVFF       FloatToStr_d_L0, R0
0x0C06	0xDC02      	RCALL       _Div_8X8_S
0x0C08	0xFFE1C052  	MOVFF       FARG_FloatToStr_str, FSR1L
0x0C0C	0xFFE2C053  	MOVFF       FARG_FloatToStr_str+1, FSR1H
0x0C10	0x5000      	MOVF        R0, 0 
0x0C12	0x0F30      	ADDLW       48
0x0C14	0x6EE6      	MOVWF       POSTINC1 
0x0C16	0x4A52      	INFSNZ      FARG_FloatToStr_str, 1 
0x0C18	0x2A53      	INCF        FARG_FloatToStr_str+1, 1 
L_FloatToStr111:
;__Lib_Conversions.c,613 :: 		
0x0C1A	0x0E0A      	MOVLW       10
0x0C1C	0x6E04      	MOVWF       R4 
0x0C1E	0xF000C055  	MOVFF       FloatToStr_d_L0, R0
0x0C22	0xF002EC06  	CALL        _Div_8X8_S, 0
0x0C26	0xF000C008  	MOVFF       R8, R0
0x0C2A	0xFFE1C052  	MOVFF       FARG_FloatToStr_str, FSR1L
0x0C2E	0xFFE2C053  	MOVFF       FARG_FloatToStr_str+1, FSR1H
0x0C32	0x5000      	MOVF        R0, 0 
0x0C34	0x0F30      	ADDLW       48
0x0C36	0x6EE6      	MOVWF       POSTINC1 
0x0C38	0x4A52      	INFSNZ      FARG_FloatToStr_str, 1 
0x0C3A	0x2A53      	INCF        FARG_FloatToStr_str+1, 1 
;__Lib_Conversions.c,614 :: 		
L_FloatToStr109:
;__Lib_Conversions.c,615 :: 		
0x0C3C	0xFFE1C052  	MOVFF       FARG_FloatToStr_str, FSR1L
0x0C40	0xFFE2C053  	MOVFF       FARG_FloatToStr_str+1, FSR1H
0x0C44	0x6AE6      	CLRF        POSTINC1 
;__Lib_Conversions.c,616 :: 		
0x0C46	0x6A00      	CLRF        R0 
;__Lib_Conversions.c,617 :: 		
L_end_FloatToStr:
0x0C48	0x0012      	RETURN      0
; end of _FloatToStr
_main:
0x0C4A	0xF006EC47  	CALL        3214, 0
;p6d.c,54 :: 		void main() {
;p6d.c,55 :: 		ADCON1 = 0X07;
0x0C4E	0x0E07      	MOVLW       7
0x0C50	0x6EC1      	MOVWF       ADCON1 
;p6d.c,56 :: 		TRISD = 0;
0x0C52	0x6A95      	CLRF        TRISD 
;p6d.c,57 :: 		TRISB.B4 = 1;
0x0C54	0x8893      	BSF         TRISB, 4 
;p6d.c,58 :: 		x = PORTB;
0x0C56	0xF04BCF81  	MOVFF       PORTB, _x
;p6d.c,59 :: 		INTCON.RBIF = 0;
0x0C5A	0x90F2      	BCF         INTCON, 0 
;p6d.c,60 :: 		INTCON.RBIE = 1;
0x0C5C	0x86F2      	BSF         INTCON, 3 
;p6d.c,61 :: 		T0CON = 0x87;
0x0C5E	0x0E87      	MOVLW       135
0x0C60	0x6ED5      	MOVWF       T0CON 
;p6d.c,62 :: 		INTCON.TMR0IF = 0;
0x0C62	0x94F2      	BCF         INTCON, 2 
;p6d.c,63 :: 		INTCON.TMR0IE = 1;
0x0C64	0x8AF2      	BSF         INTCON, 5 
;p6d.c,64 :: 		INTCON.GIE = 1;
0x0C66	0x8EF2      	BSF         INTCON, 7 
;p6d.c,65 :: 		Lcd_Init ();
0x0C68	0xDD32      	RCALL       _Lcd_Init
;p6d.c,66 :: 		while(1);
L_main4:
0x0C6A	0xD7FF      	BRA         L_main4
;p6d.c,67 :: 		}
L_end_main:
0x0C6C	0xD7FF      	BRA         $+0
; end of _main
0x0C8E	0xF019EE10  	LFSR        1, 25
0x0C92	0x0E1F      	MOVLW       31
0x0C94	0x6E00      	MOVWF       R0 
0x0C96	0x0E01      	MOVLW       1
0x0C98	0x6E01      	MOVWF       R1 
0x0C9A	0x0E6E      	MOVLW       110
0x0C9C	0x6EF6      	MOVWF       4086 
0x0C9E	0x0E0C      	MOVLW       12
0x0CA0	0x6EF7      	MOVWF       TBLPTRH 
0x0CA2	0x0E00      	MOVLW       0
0x0CA4	0x6EF8      	MOVWF       TBLPTRU 
0x0CA6	0xF003ECB2  	CALL        1892, 0
0x0CAA	0x0012      	RETURN      0
;p6d.c,0 :: ?ICS_desbor
0x0C6E	0x00 ;?ICS_desbor+0
; end of ?ICS_desbor
;p6d.c,0 :: ?ICS?lstr2_p6d
0x0C6F	0x7320 ;?ICS?lstr2_p6d+0
0x0C71	0x6365 ;?ICS?lstr2_p6d+2
0x0C73	0x00 ;?ICS?lstr2_p6d+4
; end of ?ICS?lstr2_p6d
;__Lib_Conversions.c,0 :: ?ICS?lstr2___Lib_Conversions
0x0C74	0x0030 ;?ICS?lstr2___Lib_Conversions+0
; end of ?ICS?lstr2___Lib_Conversions
;__Lib_Conversions.c,0 :: ?ICS?lstr1___Lib_Conversions
0x0C76	0x614E ;?ICS?lstr1___Lib_Conversions+0
0x0C78	0x004E ;?ICS?lstr1___Lib_Conversions+2
; end of ?ICS?lstr1___Lib_Conversions
;p6d.c,0 :: ?ICS_cont
0x0C7A	0x00 ;?ICS_cont+0
; end of ?ICS_cont
;p6d.c,0 :: ?ICS?lstr1_p6d
0x0C7B	0x6143 ;?ICS?lstr1_p6d+0
0x0C7D	0x636C ;?ICS?lstr1_p6d+2
0x0C7F	0x6C75 ;?ICS?lstr1_p6d+4
0x0C81	0x6E61 ;?ICS?lstr1_p6d+6
0x0C83	0x6F64 ;?ICS?lstr1_p6d+8
0x0C85	0x2E2E ;?ICS?lstr1_p6d+10
0x0C87	0x002E ;?ICS?lstr1_p6d+12
; end of ?ICS?lstr1_p6d
;__Lib_Conversions.c,0 :: ?ICS?lstr3___Lib_Conversions
0x0C89	0x4E49 ;?ICS?lstr3___Lib_Conversions+0
0x0C8B	0x0046 ;?ICS?lstr3___Lib_Conversions+2
; end of ?ICS?lstr3___Lib_Conversions
Symbol List:
//** Routines locations **
//ADDRESS    SIZE    PROCEDURE
//----------------------------------------------
0x0008     [236]    _interrupt
0x00F4      [22]    _Delay_5500us
0x010A       [6]    _Delay_1us
0x0110      [10]    _Delay_50us
0x011A      [24]    _SETFOV32
0x0132       [8]    _FIXSIGN32
0x013A     [124]    _Lcd_Cmd
0x01B6      [26]    _SETFUN32
0x01D0      [14]    _RES032
0x01DE     [482]    _NRM4032
0x03C0      [76]    _strcpy
0x040C     [158]    _Div_8X8_S
0x04AA     [288]    _Mul_32x32_FP
0x05CA      [12]    _Lcd_Chr_CP
0x05D6     [206]    _Compare_Double
0x06A4      [42]    _Lcd_Out_CP
0x06CE     [150]    _Lcd_Init
0x0764      [16]    ___CC2DW
0x0774      [66]    _longint2double
0x07B6     [122]    _Lcd_Out
0x0830    [1050]    _FloatToStr
0x0C4A      [36]    _main
//** Variables locations ** 
//ADDRESS    SIZE    VARIABLE
//----------------------------------------------
0x0000       [1]    R0
0x0001       [1]    R1
0x0002       [2]    memset_pp_L0
0x0002       [1]    R2
0x0002       [2]    memchr_s_L0
0x0002       [2]    memcpy_dd_L0
0x0002       [2]    strlen_cp_L0
0x0003       [2]    memmove_tt_L0
0x0003       [2]    Ltrim_original_L0
0x0003       [1]    R3
0x0004       [1]    R4
0x0004       [2]    strcat_cp_L0
0x0004       [2]    memcpy_ss_L0
0x0004       [2]    strncat_cp_L0
0x0004       [2]    strcpy_cp_L0
0x0004       [2]    strncpy_cp_L0
0x0005       [2]    memmove_ff_L0
0x0005       [2]    Ltrim_p_L0
0x0005       [2]    LongIntToHex_input_half_L0
0x0005       [1]    R5
0x0005       [2]    LongWordToHex_input_half_L0
0x0006       [1]    R6
0x0007       [1]    R7
0x0008       [1]    R8
0x0009       [1]    R9
0x000A       [1]    R10
0x000B       [1]    R11
0x000C       [1]    R12
0x000D       [1]    R13
0x000E       [1]    R14
0x000F       [1]    R15
0x0010       [1]    R16
0x0011       [1]    R17
0x0012       [1]    R18
0x0013       [1]    R19
0x0014       [1]    R20
0x0019       [1]    _desbor
0x001A       [5]    ?lstr2_p6d
0x001F       [2]    ?lstr2___Lib_Conversions
0x0021       [4]    ?lstr1___Lib_Conversions
0x0025       [1]    _cont
0x0026      [14]    ?lstr1_p6d
0x0034       [4]    ?lstr3___Lib_Conversions
0x0038      [14]    _txt
0x0046       [4]    _tiempo
0x004A       [0]    __Lib_Lcd_cmd_status
0x004B       [1]    _x
0x004C       [2]    _y
0x004E       [2]    FARG_Lcd_Out_CP_text
0x004E       [1]    FARG_Lcd_Out_row
0x004E       [4]    FARG_FloatToStr_fnum
0x004F       [1]    FARG_Lcd_Out_column
0x0050       [2]    FARG_Lcd_Out_text
0x0050       [1]    Lcd_Out_CP_i_L0
0x0052       [1]    Lcd_Out_i_L0
0x0052       [2]    FARG_FloatToStr_str
0x0054       [1]    FloatToStr_i_L0
0x0055       [1]    FloatToStr_d_L0
0x0056       [4]    FloatToStr_un_L0
0x005A       [1]    FloatToStr_bpoint_L0
0x005B       [1]    FloatToStr_dexpon_L0
0x005C       [1]    FARG_Lcd_Chr_CP_out_char
0x005C       [2]    FARG_strcpy_to
0x005E       [2]    FARG_strcpy_from
0x0060       [1]    FARG_Lcd_Cmd_out_char
0x0F81       [1]    PORTB
0x0F83       [0]    LCD_D7
0x0F83       [0]    LCD_D5
0x0F83       [0]    LCD_D6
0x0F83       [0]    LCD_D4
0x0F83       [0]    LCD_RS
0x0F83       [0]    LCD_EN
0x0F83       [0]    RD7_bit
0x0F83       [0]    RD6_bit
0x0F83       [0]    RD3_bit
0x0F83       [0]    RD4_bit
0x0F83       [0]    RD2_bit
0x0F83       [0]    RD5_bit
0x0F93       [1]    TRISB
0x0F95       [0]    LCD_RS_Direction
0x0F95       [0]    TRISD6_bit
0x0F95       [0]    TRISD7_bit
0x0F95       [0]    LCD_D5_Direction
0x0F95       [0]    LCD_D4_Direction
0x0F95       [0]    LCD_D6_Direction
0x0F95       [0]    LCD_EN_Direction
0x0F95       [0]    LCD_D7_Direction
0x0F95       [1]    TRISD
0x0F95       [0]    TRISD2_bit
0x0F95       [0]    TRISD3_bit
0x0F95       [0]    TRISD4_bit
0x0F95       [0]    TRISD5_bit
0x0FC1       [1]    ADCON1
0x0FD5       [1]    T0CON
0x0FD6       [1]    TMR0L
0x0FD7       [1]    TMR0H
0x0FD8       [1]    STATUS
0x0FD9       [1]    FSR2L
0x0FDA       [1]    FSR2H
0x0FDE       [1]    POSTINC2
0x0FE0       [1]    BSR
0x0FE1       [1]    FSR1L
0x0FE2       [1]    FSR1H
0x0FE4       [1]    PREINC1
0x0FE6       [1]    POSTINC1
0x0FE7       [1]    INDF1
0x0FE8       [1]    WREG
0x0FE9       [1]    FSR0L
0x0FEA       [1]    FSR0H
0x0FEE       [1]    POSTINC0
0x0FF2       [1]    INTCON
0x0FF3       [1]    PRODL
0x0FF4       [1]    PRODH
0x0FF5       [1]    TABLAT
0x0FF6       [1]    TBLPTRL
0x0FF7       [1]    TBLPTRH
0x0FF8       [1]    TBLPTRU
//** Constants locations ** 
//ADDRESS    SIZE    CONSTANT
//----------------------------------------------
0x0C6E       [1]    ?ICS_desbor
0x0C6F       [5]    ?ICS?lstr2_p6d
0x0C74       [2]    ?ICS?lstr2___Lib_Conversions
0x0C76       [4]    ?ICS?lstr1___Lib_Conversions
0x0C7A       [1]    ?ICS_cont
0x0C7B      [14]    ?ICS?lstr1_p6d
0x0C89       [4]    ?ICS?lstr3___Lib_Conversions
