;  LST file generated by mikroListExporter - v.2.0 
; Date/Time: 21/03/2019 13:06:49
;----------------------------------------------

;Address Opcode 	ASM
0x0000	0xF000EF13  	GOTO        38
_interrupt:
;practica6a.c,2 :: 		void interrupt()
;practica6a.c,4 :: 		if(PORTC.B0){
0x0008	0xA082      	BTFSS       PORTC, 0 
0x000A	0xD006      	BRA         L_interrupt0
;practica6a.c,6 :: 		PORTC.B0=0;
0x000C	0x9082      	BCF         PORTC, 0 
;practica6a.c,7 :: 		T0CON = 0xc2;
0x000E	0x0EC2      	MOVLW       194
0x0010	0x6ED5      	MOVWF       T0CON 
;practica6a.c,8 :: 		TMR0L = 81;
0x0012	0x0E51      	MOVLW       81
0x0014	0x6ED6      	MOVWF       TMR0L 
;practica6a.c,10 :: 		}else{
0x0016	0xD005      	BRA         L_interrupt1
L_interrupt0:
;practica6a.c,12 :: 		PORTC.B0=1;
0x0018	0x8082      	BSF         PORTC, 0 
;practica6a.c,13 :: 		T0CON = 0xc1;
0x001A	0x0EC1      	MOVLW       193
0x001C	0x6ED5      	MOVWF       T0CON 
;practica6a.c,14 :: 		TMR0L = 106;
0x001E	0x0E6A      	MOVLW       106
0x0020	0x6ED6      	MOVWF       TMR0L 
;practica6a.c,15 :: 		}
L_interrupt1:
;practica6a.c,17 :: 		INTCON.TMR0IF = 0; // se borra el flag
0x0022	0x94F2      	BCF         INTCON, 2 
;practica6a.c,19 :: 		}
L_end_interrupt:
L__interrupt5:
0x0024	0x0011      	RETFIE      1
; end of _interrupt
_main:
;practica6a.c,20 :: 		void main()
;practica6a.c,23 :: 		ADCON1 = 0x07; //configuración de los canales analógicos (AN) como digitales (PIC18F452)
0x0026	0x0E07      	MOVLW       7
0x0028	0x6EC1      	MOVWF       ADCON1 
;practica6a.c,24 :: 		TRISC = 0; // salida digital
0x002A	0x6A94      	CLRF        TRISC 
;practica6a.c,25 :: 		PORTC = 0;
0x002C	0x6A82      	CLRF        PORTC 
;practica6a.c,28 :: 		INTCON.TMR0IF = 0; // se pone el flag a 0
0x002E	0x94F2      	BCF         INTCON, 2 
;practica6a.c,29 :: 		INTCON.TMR0IE = 1; // se habilita la interrupción del Timer 0
0x0030	0x8AF2      	BSF         INTCON, 5 
;practica6a.c,30 :: 		INTCON.GIE = 1; // se habilitan las interrupciones en general
0x0032	0x8EF2      	BSF         INTCON, 7 
;practica6a.c,34 :: 		T0CON = 0xc1;
0x0034	0x0EC1      	MOVLW       193
0x0036	0x6ED5      	MOVWF       T0CON 
;practica6a.c,35 :: 		TMR0L = 106; //se carga el valor inicial (alfa) del ‘contador’
0x0038	0x0E6A      	MOVLW       106
0x003A	0x6ED6      	MOVWF       TMR0L 
;practica6a.c,36 :: 		PORTC.B0=1;
0x003C	0x8082      	BSF         PORTC, 0 
;practica6a.c,38 :: 		while(1)
L_main2:
;practica6a.c,39 :: 		asm nop;
0x003E	0x0000      	NOP
0x0040	0xD7FE      	BRA         L_main2
;practica6a.c,40 :: 		}
L_end_main:
0x0042	0xD7FF      	BRA         $+0
; end of _main
Symbol List:
//** Routines locations **
//ADDRESS    SIZE    PROCEDURE
//----------------------------------------------
0x0008      [30]    _interrupt
0x0026      [30]    _main
//** Variables locations ** 
//ADDRESS    SIZE    VARIABLE
//----------------------------------------------
0x0000       [1]    R0
0x0001       [1]    R1
0x0002       [1]    R2
0x0003       [1]    R3
0x0004       [1]    R4
0x0005       [1]    R5
0x0006       [1]    R6
0x0007       [1]    R7
0x0008       [1]    R8
0x0009       [1]    R9
0x000A       [1]    R10
0x000B       [1]    R11
0x000C       [1]    R12
0x000D       [1]    R13
0x000E       [1]    R14
0x000F       [1]    R15
0x0010       [1]    R16
0x0011       [1]    R17
0x0012       [1]    R18
0x0013       [1]    R19
0x0014       [1]    R20
0x0F82       [1]    PORTC
0x0F94       [1]    TRISC
0x0FC1       [1]    ADCON1
0x0FD5       [1]    T0CON
0x0FD6       [1]    TMR0L
0x0FD8       [1]    STATUS
0x0FD9       [1]    FSR2L
0x0FDA       [1]    FSR2H
0x0FDE       [1]    POSTINC2
0x0FE0       [1]    BSR
0x0FE1       [1]    FSR1L
0x0FE2       [1]    FSR1H
0x0FE4       [1]    PREINC1
0x0FE6       [1]    POSTINC1
0x0FE7       [1]    INDF1
0x0FE8       [1]    WREG
0x0FE9       [1]    FSR0L
0x0FEA       [1]    FSR0H
0x0FEE       [1]    POSTINC0
0x0FF2       [1]    INTCON
0x0FF3       [1]    PRODL
0x0FF4       [1]    PRODH
0x0FF5       [1]    TABLAT
0x0FF6       [1]    TBLPTRL
0x0FF7       [1]    TBLPTRH
0x0FF8       [1]    TBLPTRU
