;  LST file generated by mikroListExporter - v.2.0 
; Date/Time: 10/05/2019 20:38:47
;----------------------------------------------

;Address Opcode 	ASM
0x0000	0xF000EFB6  	GOTO        364
_interrupt:
;p4b.c,3 :: 		void interrupt()
0x0008	0xF018C000  	MOVFF       R0, 24
0x000C	0xF017C00B  	MOVFF       R11, 23
0x0010	0xF016C00C  	MOVFF       R12, 22
0x0014	0xF015C00D  	MOVFF       R13, 21
;p4b.c,5 :: 		if(giro360==0){
0x0018	0x5019      	MOVF        _giro360, 0 
0x001A	0x0A00      	XORLW       0
0x001C	0xE120      	BNZ         L_interrupt0
;p4b.c,6 :: 		PORTC = 0x02; //(C)
0x001E	0x0E02      	MOVLW       2
0x0020	0x6E82      	MOVWF       PORTC 
;p4b.c,7 :: 		delay_ms(200);
0x0022	0x0E03      	MOVLW       3
0x0024	0x6E0B      	MOVWF       R11, 0
0x0026	0x0E08      	MOVLW       8
0x0028	0x6E0C      	MOVWF       R12, 0
0x002A	0x0E77      	MOVLW       119
0x002C	0x6E0D      	MOVWF       R13, 0
L_interrupt1:
0x002E	0x2E0D      	DECFSZ      R13, 1, 0
0x0030	0xD7FE      	BRA         L_interrupt1
0x0032	0x2E0C      	DECFSZ      R12, 1, 0
0x0034	0xD7FC      	BRA         L_interrupt1
0x0036	0x2E0B      	DECFSZ      R11, 1, 0
0x0038	0xD7FA      	BRA         L_interrupt1
;p4b.c,8 :: 		PORTC = 0x06;//(BC)
0x003A	0x0E06      	MOVLW       6
0x003C	0x6E82      	MOVWF       PORTC 
;p4b.c,9 :: 		delay_ms(200);
0x003E	0x0E03      	MOVLW       3
0x0040	0x6E0B      	MOVWF       R11, 0
0x0042	0x0E08      	MOVLW       8
0x0044	0x6E0C      	MOVWF       R12, 0
0x0046	0x0E77      	MOVLW       119
0x0048	0x6E0D      	MOVWF       R13, 0
L_interrupt2:
0x004A	0x2E0D      	DECFSZ      R13, 1, 0
0x004C	0xD7FE      	BRA         L_interrupt2
0x004E	0x2E0C      	DECFSZ      R12, 1, 0
0x0050	0xD7FC      	BRA         L_interrupt2
0x0052	0x2E0B      	DECFSZ      R11, 1, 0
0x0054	0xD7FA      	BRA         L_interrupt2
;p4b.c,10 :: 		PORTC = 0x04;//(B)
0x0056	0x0E04      	MOVLW       4
0x0058	0x6E82      	MOVWF       PORTC 
;p4b.c,12 :: 		giro360=1;
0x005A	0x0E01      	MOVLW       1
0x005C	0x6E19      	MOVWF       _giro360 
;p4b.c,13 :: 		}
L_interrupt0:
;p4b.c,15 :: 		if(PORTB.B0==0 && giro360==1){
0x005E	0xB081      	BTFSC       PORTB, 0 
0x0060	0xD073      	BRA         L_interrupt5
0x0062	0x5019      	MOVF        _giro360, 0 
0x0064	0x0A01      	XORLW       1
0x0066	0xE170      	BNZ         L_interrupt5
L__interrupt17:
;p4b.c,16 :: 		PORTC = 0x06; //(BC)
0x0068	0x0E06      	MOVLW       6
0x006A	0x6E82      	MOVWF       PORTC 
;p4b.c,17 :: 		delay_ms(200);
0x006C	0x0E03      	MOVLW       3
0x006E	0x6E0B      	MOVWF       R11, 0
0x0070	0x0E08      	MOVLW       8
0x0072	0x6E0C      	MOVWF       R12, 0
0x0074	0x0E77      	MOVLW       119
0x0076	0x6E0D      	MOVWF       R13, 0
L_interrupt6:
0x0078	0x2E0D      	DECFSZ      R13, 1, 0
0x007A	0xD7FE      	BRA         L_interrupt6
0x007C	0x2E0C      	DECFSZ      R12, 1, 0
0x007E	0xD7FC      	BRA         L_interrupt6
0x0080	0x2E0B      	DECFSZ      R11, 1, 0
0x0082	0xD7FA      	BRA         L_interrupt6
;p4b.c,18 :: 		PORTC = 0x02;//(C)
0x0084	0x0E02      	MOVLW       2
0x0086	0x6E82      	MOVWF       PORTC 
;p4b.c,19 :: 		delay_ms(200);
0x0088	0x0E03      	MOVLW       3
0x008A	0x6E0B      	MOVWF       R11, 0
0x008C	0x0E08      	MOVLW       8
0x008E	0x6E0C      	MOVWF       R12, 0
0x0090	0x0E77      	MOVLW       119
0x0092	0x6E0D      	MOVWF       R13, 0
L_interrupt7:
0x0094	0x2E0D      	DECFSZ      R13, 1, 0
0x0096	0xD7FE      	BRA         L_interrupt7
0x0098	0x2E0C      	DECFSZ      R12, 1, 0
0x009A	0xD7FC      	BRA         L_interrupt7
0x009C	0x2E0B      	DECFSZ      R11, 1, 0
0x009E	0xD7FA      	BRA         L_interrupt7
;p4b.c,20 :: 		PORTC = 0x03;//(CD)
0x00A0	0x0E03      	MOVLW       3
0x00A2	0x6E82      	MOVWF       PORTC 
;p4b.c,21 :: 		delay_ms(200);
0x00A4	0x0E03      	MOVLW       3
0x00A6	0x6E0B      	MOVWF       R11, 0
0x00A8	0x0E08      	MOVLW       8
0x00AA	0x6E0C      	MOVWF       R12, 0
0x00AC	0x0E77      	MOVLW       119
0x00AE	0x6E0D      	MOVWF       R13, 0
L_interrupt8:
0x00B0	0x2E0D      	DECFSZ      R13, 1, 0
0x00B2	0xD7FE      	BRA         L_interrupt8
0x00B4	0x2E0C      	DECFSZ      R12, 1, 0
0x00B6	0xD7FC      	BRA         L_interrupt8
0x00B8	0x2E0B      	DECFSZ      R11, 1, 0
0x00BA	0xD7FA      	BRA         L_interrupt8
;p4b.c,22 :: 		PORTC = 0x01;//(D)
0x00BC	0x0E01      	MOVLW       1
0x00BE	0x6E82      	MOVWF       PORTC 
;p4b.c,23 :: 		delay_ms(200);
0x00C0	0x0E03      	MOVLW       3
0x00C2	0x6E0B      	MOVWF       R11, 0
0x00C4	0x0E08      	MOVLW       8
0x00C6	0x6E0C      	MOVWF       R12, 0
0x00C8	0x0E77      	MOVLW       119
0x00CA	0x6E0D      	MOVWF       R13, 0
L_interrupt9:
0x00CC	0x2E0D      	DECFSZ      R13, 1, 0
0x00CE	0xD7FE      	BRA         L_interrupt9
0x00D0	0x2E0C      	DECFSZ      R12, 1, 0
0x00D2	0xD7FC      	BRA         L_interrupt9
0x00D4	0x2E0B      	DECFSZ      R11, 1, 0
0x00D6	0xD7FA      	BRA         L_interrupt9
;p4b.c,24 :: 		PORTC = 0x09;//(DA)
0x00D8	0x0E09      	MOVLW       9
0x00DA	0x6E82      	MOVWF       PORTC 
;p4b.c,25 :: 		delay_ms(200);
0x00DC	0x0E03      	MOVLW       3
0x00DE	0x6E0B      	MOVWF       R11, 0
0x00E0	0x0E08      	MOVLW       8
0x00E2	0x6E0C      	MOVWF       R12, 0
0x00E4	0x0E77      	MOVLW       119
0x00E6	0x6E0D      	MOVWF       R13, 0
L_interrupt10:
0x00E8	0x2E0D      	DECFSZ      R13, 1, 0
0x00EA	0xD7FE      	BRA         L_interrupt10
0x00EC	0x2E0C      	DECFSZ      R12, 1, 0
0x00EE	0xD7FC      	BRA         L_interrupt10
0x00F0	0x2E0B      	DECFSZ      R11, 1, 0
0x00F2	0xD7FA      	BRA         L_interrupt10
;p4b.c,26 :: 		PORTC = 0x08;//(A)
0x00F4	0x0E08      	MOVLW       8
0x00F6	0x6E82      	MOVWF       PORTC 
;p4b.c,27 :: 		delay_ms(200);
0x00F8	0x0E03      	MOVLW       3
0x00FA	0x6E0B      	MOVWF       R11, 0
0x00FC	0x0E08      	MOVLW       8
0x00FE	0x6E0C      	MOVWF       R12, 0
0x0100	0x0E77      	MOVLW       119
0x0102	0x6E0D      	MOVWF       R13, 0
L_interrupt11:
0x0104	0x2E0D      	DECFSZ      R13, 1, 0
0x0106	0xD7FE      	BRA         L_interrupt11
0x0108	0x2E0C      	DECFSZ      R12, 1, 0
0x010A	0xD7FC      	BRA         L_interrupt11
0x010C	0x2E0B      	DECFSZ      R11, 1, 0
0x010E	0xD7FA      	BRA         L_interrupt11
;p4b.c,28 :: 		PORTC = 0x0C;//(AB)
0x0110	0x0E0C      	MOVLW       12
0x0112	0x6E82      	MOVWF       PORTC 
;p4b.c,29 :: 		delay_ms(200);
0x0114	0x0E03      	MOVLW       3
0x0116	0x6E0B      	MOVWF       R11, 0
0x0118	0x0E08      	MOVLW       8
0x011A	0x6E0C      	MOVWF       R12, 0
0x011C	0x0E77      	MOVLW       119
0x011E	0x6E0D      	MOVWF       R13, 0
L_interrupt12:
0x0120	0x2E0D      	DECFSZ      R13, 1, 0
0x0122	0xD7FE      	BRA         L_interrupt12
0x0124	0x2E0C      	DECFSZ      R12, 1, 0
0x0126	0xD7FC      	BRA         L_interrupt12
0x0128	0x2E0B      	DECFSZ      R11, 1, 0
0x012A	0xD7FA      	BRA         L_interrupt12
;p4b.c,30 :: 		PORTC = 0x04;//(B)
0x012C	0x0E04      	MOVLW       4
0x012E	0x6E82      	MOVWF       PORTC 
;p4b.c,31 :: 		delay_ms(200);
0x0130	0x0E03      	MOVLW       3
0x0132	0x6E0B      	MOVWF       R11, 0
0x0134	0x0E08      	MOVLW       8
0x0136	0x6E0C      	MOVWF       R12, 0
0x0138	0x0E77      	MOVLW       119
0x013A	0x6E0D      	MOVWF       R13, 0
L_interrupt13:
0x013C	0x2E0D      	DECFSZ      R13, 1, 0
0x013E	0xD7FE      	BRA         L_interrupt13
0x0140	0x2E0C      	DECFSZ      R12, 1, 0
0x0142	0xD7FC      	BRA         L_interrupt13
0x0144	0x2E0B      	DECFSZ      R11, 1, 0
0x0146	0xD7FA      	BRA         L_interrupt13
;p4b.c,33 :: 		}
L_interrupt5:
;p4b.c,34 :: 		INTCON.INT0IF = 0; // se borra el flag de la interrupción INT0
0x0148	0x92F2      	BCF         INTCON, 1 
;p4b.c,35 :: 		}
L_end_interrupt:
L__interrupt19:
0x014A	0xF000C018  	MOVFF       24, R0
0x014E	0xF00BC017  	MOVFF       23, R11
0x0152	0xF00CC016  	MOVFF       22, R12
0x0156	0xF00DC015  	MOVFF       21, R13
0x015A	0x0011      	RETFIE      1
; end of _interrupt
___CC2DW:
;__Lib_System.c,21 :: 		
;__Lib_System.c,23 :: 		
_CC2DL_Loop1:
;__Lib_System.c,24 :: 		
0x015C	0x0009      	TBLRD*+
;__Lib_System.c,25 :: 		
0x015E	0xFFE6CFF5  	MOVFF       TABLAT, POSTINC1
;__Lib_System.c,26 :: 		
0x0162	0x0600      	DECF        R0, 1, 0
;__Lib_System.c,27 :: 		
0x0164	0xE1FB      	BNZ         _CC2DL_Loop1
;__Lib_System.c,28 :: 		
0x0166	0x0601      	DECF        R1, 1, 0
;__Lib_System.c,29 :: 		
0x0168	0xE1F9      	BNZ         _CC2DL_Loop1
;__Lib_System.c,31 :: 		
L_end___CC2DW:
0x016A	0x0012      	RETURN      0
; end of ___CC2DW
_main:
0x016C	0x6A19      	CLRF        _giro360 
;p4b.c,37 :: 		void main()
;p4b.c,39 :: 		ADCON1 = 0x07; //configuración de los canales analógicos (AN) como digitales
0x016E	0x0E07      	MOVLW       7
0x0170	0x6EC1      	MOVWF       ADCON1 
;p4b.c,42 :: 		TRISC = 0; //se declara el terminal RC0 como una salida digital
0x0172	0x6A94      	CLRF        TRISC 
;p4b.c,43 :: 		TRISB.B0 = 1;
0x0174	0x8093      	BSF         TRISB, 0 
;p4b.c,45 :: 		PORTC = 0x01; //(D)
0x0176	0x0E01      	MOVLW       1
0x0178	0x6E82      	MOVWF       PORTC 
;p4b.c,46 :: 		delay_ms(200);
0x017A	0x0E03      	MOVLW       3
0x017C	0x6E0B      	MOVWF       R11, 0
0x017E	0x0E08      	MOVLW       8
0x0180	0x6E0C      	MOVWF       R12, 0
0x0182	0x0E77      	MOVLW       119
0x0184	0x6E0D      	MOVWF       R13, 0
L_main14:
0x0186	0x2E0D      	DECFSZ      R13, 1, 0
0x0188	0xD7FE      	BRA         L_main14
0x018A	0x2E0C      	DECFSZ      R12, 1, 0
0x018C	0xD7FC      	BRA         L_main14
0x018E	0x2E0B      	DECFSZ      R11, 1, 0
0x0190	0xD7FA      	BRA         L_main14
;p4b.c,47 :: 		PORTC = 0x03; //(DC)
0x0192	0x0E03      	MOVLW       3
0x0194	0x6E82      	MOVWF       PORTC 
;p4b.c,50 :: 		TRISB.B0 = 1; //se configura RB0 como entrada
0x0196	0x8093      	BSF         TRISB, 0 
;p4b.c,51 :: 		INTCON2.INTEDG0 = 0; //la interrupción la provoca un flanco de subida (x=1)/ bajada (x=0)
0x0198	0x9CF1      	BCF         INTCON2, 6 
;p4b.c,52 :: 		INTCON.INT0IF = 0; // se pone el flag de la interrupción INT0 a 0
0x019A	0x92F2      	BCF         INTCON, 1 
;p4b.c,53 :: 		INTCON.INT0IE = 1; // se habilita la interrupción INT0
0x019C	0x88F2      	BSF         INTCON, 4 
;p4b.c,54 :: 		INTCON.GIE = 1; // se habilitan las interrupciones en general
0x019E	0x8EF2      	BSF         INTCON, 7 
;p4b.c,56 :: 		while(1);
L_main15:
0x01A0	0xD7FF      	BRA         L_main15
;p4b.c,57 :: 		}
L_end_main:
0x01A2	0xD7FF      	BRA         $+0
; end of _main
Symbol List:
//** Routines locations **
//ADDRESS    SIZE    PROCEDURE
//----------------------------------------------
0x0008     [340]    _interrupt
0x015C      [16]    ___CC2DW
0x016C      [56]    _main
//** Variables locations ** 
//ADDRESS    SIZE    VARIABLE
//----------------------------------------------
0x0000       [1]    R0
0x0001       [1]    R1
0x0002       [1]    R2
0x0003       [1]    R3
0x0004       [1]    R4
0x0005       [1]    R5
0x0006       [1]    R6
0x0007       [1]    R7
0x0008       [1]    R8
0x0009       [1]    R9
0x000A       [1]    R10
0x000B       [1]    R11
0x000C       [1]    R12
0x000D       [1]    R13
0x000E       [1]    R14
0x000F       [1]    R15
0x0010       [1]    R16
0x0011       [1]    R17
0x0012       [1]    R18
0x0013       [1]    R19
0x0014       [1]    R20
0x0019       [1]    _giro360
0x0F81       [1]    PORTB
0x0F82       [1]    PORTC
0x0F93       [1]    TRISB
0x0F94       [1]    TRISC
0x0FC1       [1]    ADCON1
0x0FD8       [1]    STATUS
0x0FD9       [1]    FSR2L
0x0FDA       [1]    FSR2H
0x0FDE       [1]    POSTINC2
0x0FE0       [1]    BSR
0x0FE1       [1]    FSR1L
0x0FE2       [1]    FSR1H
0x0FE4       [1]    PREINC1
0x0FE6       [1]    POSTINC1
0x0FE7       [1]    INDF1
0x0FE8       [1]    WREG
0x0FE9       [1]    FSR0L
0x0FEA       [1]    FSR0H
0x0FEE       [1]    POSTINC0
0x0FF1       [1]    INTCON2
0x0FF2       [1]    INTCON
0x0FF3       [1]    PRODL
0x0FF4       [1]    PRODH
0x0FF5       [1]    TABLAT
0x0FF6       [1]    TBLPTRL
0x0FF7       [1]    TBLPTRH
0x0FF8       [1]    TBLPTRU
